#
# A fatal error has been detected by the Java Runtime Environment:
#
#  EXCEPTION_ACCESS_VIOLATION (0xc0000005) at pc=0x00007ff8fa32c6f9, pid=3328, tid=912
#
# JRE version: OpenJDK Runtime Environment (11.0.10) (build 11.0.10+0-b96-7249189)
# Java VM: OpenJDK 64-Bit Server VM (11.0.10+0-b96-7249189, mixed mode, tiered, compressed oops, g1 gc, windows-amd64)
# Problematic frame:
# C  [native-platform-file-events.dll+0x1c6f9]
#
# No core dump will be written. Minidumps are not enabled by default on client versions of Windows
#
# If you would like to submit a bug report, please visit:
#   https://bugreport.java.com/bugreport/crash.jsp
# The crash happened outside the Java Virtual Machine in native code.
# See problematic frame for where to report the bug.
#

---------------  S U M M A R Y ------------

Command Line: --add-opens=java.base/java.util=ALL-UNNAMED --add-opens=java.base/java.lang=ALL-UNNAMED --add-opens=java.base/java.lang.invoke=ALL-UNNAMED --add-opens=java.base/java.util=ALL-UNNAMED --add-opens=java.prefs/java.util.prefs=ALL-UNNAMED --add-opens=java.prefs/java.util.prefs=ALL-UNNAMED --add-opens=java.base/java.nio.charset=ALL-UNNAMED --add-opens=java.base/java.net=ALL-UNNAMED --add-opens=java.base/java.util.concurrent.atomic=ALL-UNNAMED -Xmx2048m -Dfile.encoding=UTF-8 -Duser.country=RU -Duser.language=ru -Duser.variant org.gradle.launcher.daemon.bootstrap.GradleDaemon 7.0.2

Host: Intel(R) Core(TM) i5-7500 CPU @ 3.40GHz, 4 cores, 7G,  Windows 10 , 64 bit Build 17763 (10.0.17763.2090)
Time: Thu Oct 14 13:48:53 2021 Iiaineae?neia noaiaa?oiia a?aiy elapsed time: 1912.034355 seconds (0d 0h 31m 52s)

---------------  T H R E A D  ---------------

Current thread (0x000001a6794d6000):  JavaThread "File watcher server" daemon [_thread_in_native, id=912, stack(0x0000001bdb300000,0x0000001bdb400000)]

Stack: [0x0000001bdb300000,0x0000001bdb400000],  sp=0x0000001bdb3fe6d0,  free space=1017k
Native frames: (J=compiled Java code, j=interpreted, Vv=VM code, C=native code)
C  [native-platform-file-events.dll+0x1c6f9]

Java frames: (J=compiled Java code, j=interpreted, Vv=VM code)
j  net.rubygrapefruit.platform.internal.jni.AbstractFileEventFunctions$NativeFileWatcher.executeRunLoop0(Ljava/lang/Object;)V+0
j  net.rubygrapefruit.platform.internal.jni.AbstractFileEventFunctions$NativeFileWatcher.access$100(Lnet/rubygrapefruit/platform/internal/jni/AbstractFileEventFunctions$NativeFileWatcher;Ljava/lang/Object;)V+2
j  net.rubygrapefruit.platform.internal.jni.AbstractFileEventFunctions$NativeFileWatcher$1.run()V+26
v  ~StubRoutines::call_stub

siginfo: EXCEPTION_ACCESS_VIOLATION (0xc0000005), reading address 0xffffffffffffffff


Register to memory mapping:

RIP=0x00007ff8fa32c6f9 native-platform-file-events.dll
RAX=0x0065006200320034 is an unknown value
RBX=0x0000000000000001 is an unknown value
RCX=0x0065006200320034 is an unknown value
RDX=0x0 is NULL
RSP=0x0000001bdb3fe6d0 is pointing into the stack for thread: 0x000001a6794d6000
RBP=0x0000001bdb3fef98 is pointing into the stack for thread: 0x000001a6794d6000
RSI=0x0 is NULL
RDI=
[error occurred during error reporting (printing register info), id 0xc0000005, EXCEPTION_ACCESS_VIOLATION (0xc0000005) at pc=0x00007ff8e50a9dc7]

Registers:
RAX=0x0065006200320034, RBX=0x0000000000000001, RCX=0x0065006200320034, RDX=0x0000000000000000
RSP=0x0000001bdb3fe6d0, RBP=0x0000001bdb3fef98, RSI=0x0000000000000000, RDI=0x00000000ffffffff
R8 =0x0000000000000032, R9 =0x0000001bdb3fe7f0, R10=0x0000000000000000, R11=0x0000000000000246
R12=0x0000000000000000, R13=0x000001a67b6c1460, R14=0x0000001bdb3fefc0, R15=0x000001a6794d6000
RIP=0x00007ff8fa32c6f9, EFLAGS=0x0000000000010297

Top of Stack: (sp=0x0000001bdb3fe6d0)
0x0000001bdb3fe6d0:   0000001bdb3fe710 0000001bdb4fe760
0x0000001bdb3fe6e0:   0000000000000000 000001a67cfc3650
0x0000001bdb3fe6f0:   000001a600000001 00000000000002d3
0x0000001bdb3fe700:   0000001bdb3fe700 0000000000000000
0x0000001bdb3fe710:   0000001b00000000 000001a6762d8d01
0x0000001bdb3fe720:   0000000000000000 00007ff8fa32daad
0x0000001bdb3fe730:   0000275929bc28e6 0000000000000000
0x0000001bdb3fe740:   000001a6794d6000 0000001bdb3fefc0
0x0000001bdb3fe750:   000001a67b6c1460 0000000000000000
0x0000001bdb3fe760:   0000001bdb3fef98 00007ff92a080dd2
0x0000001bdb3fe770:   0000001bdb4fe720 0000000000000000
0x0000001bdb3fe780:   00007ff8fa32da90 0000001bdb4fe720
0x0000001bdb3fe790:   0000000000000048 000083e908ed5705
0x0000001bdb3fe7a0:   0000000000000000 00007ff8fa32c882
0x0000001bdb3fe7b0:   0065006200320034 ffffffff00000000
0x0000001bdb3fe7c0:   00007ff800000032 000001a67cfc3630 

Instructions: (pc=0x00007ff8fa32c6f9)
0x00007ff8fa32c5f9:   48 89 4c 24 08 48 81 ec d8 00 00 00 48 8b 05 3c
0x00007ff8fa32c609:   7c 10 00 48 33 c4 48 89 84 24 c8 00 00 00 c7 44
0x00007ff8fa32c619:   24 40 00 00 00 00 81 bc 24 e8 00 00 00 e3 03 00
0x00007ff8fa32c629:   00 0f 85 c1 00 00 00 ba 03 00 00 00 48 8b 0d d4
0x00007ff8fa32c639:   ae 10 00 e8 01 a3 fe ff 0f b6 c0 85 c0 74 7a 48
0x00007ff8fa32c649:   8b 84 24 e0 00 00 00 8b 40 68 89 44 24 44 48 8b
0x00007ff8fa32c659:   84 24 e0 00 00 00 48 83 c0 08 48 8b d0 48 8d 8c
0x00007ff8fa32c669:   24 88 00 00 00 e8 c3 4f fe ff 48 89 44 24 50 48
0x00007ff8fa32c679:   8b 44 24 50 48 89 44 24 58 8b 44 24 40 83 c8 01
0x00007ff8fa32c689:   89 44 24 40 48 8b 4c 24 58 e8 93 51 fe ff 48 89
0x00007ff8fa32c699:   44 24 60 8b 44 24 44 89 44 24 20 4c 8b 4c 24 60
0x00007ff8fa32c6a9:   4c 8d 05 a0 ae 0d 00 ba 03 00 00 00 48 8b 0d 54
0x00007ff8fa32c6b9:   ae 10 00 e8 d1 70 fe ff 90 8b 44 24 40 83 e0 01
0x00007ff8fa32c6c9:   85 c0 74 12 83 64 24 40 fe 48 8d 8c 24 88 00 00
0x00007ff8fa32c6d9:   00 e8 c0 59 fe ff 48 8b 8c 24 e0 00 00 00 e8 3a
0x00007ff8fa32c6e9:   9b fe ff e9 36 01 00 00 48 8b 84 24 e0 00 00 00
0x00007ff8fa32c6f9:   83 78 68 01 0f 84 cb 00 00 00 ba 03 00 00 00 48
0x00007ff8fa32c709:   8b 0d 01 ae 10 00 e8 2e a2 fe ff 0f b6 c0 85 c0
0x00007ff8fa32c719:   0f 84 90 00 00 00 48 8b 84 24 e0 00 00 00 8b 40
0x00007ff8fa32c729:   68 89 44 24 48 48 8b 84 24 e0 00 00 00 48 83 c0
0x00007ff8fa32c739:   08 48 8b d0 48 8d 8c 24 a8 00 00 00 e8 ec 4e fe
0x00007ff8fa32c749:   ff 48 89 44 24 68 48 8b 44 24 68 48 89 44 24 70
0x00007ff8fa32c759:   8b 44 24 40 83 c8 02 89 44 24 40 48 8b 4c 24 70
0x00007ff8fa32c769:   e8 bc 50 fe ff 48 89 44 24 78 8b 44 24 48 89 44
0x00007ff8fa32c779:   24 30 8b 84 24 e8 00 00 00 89 44 24 28 8b 84 24
0x00007ff8fa32c789:   f0 00 00 00 89 44 24 20 4c 8b 4c 24 78 4c 8d 05
0x00007ff8fa32c799:   e3 ad 0d 00 ba 03 00 00 00 48 8b 0d 67 ad 10 00
0x00007ff8fa32c7a9:   e8 e4 6f fe ff 90 8b 44 24 40 83 e0 02 85 c0 74
0x00007ff8fa32c7b9:   12 83 64 24 40 fd 48 8d 8c 24 a8 00 00 00 e8 d3
0x00007ff8fa32c7c9:   58 fe ff eb 59 48 8b 84 24 e0 00 00 00 c7 40 68
0x00007ff8fa32c7d9:   00 00 00 00 48 8b 84 24 e0 00 00 00 48 8b 00 48
0x00007ff8fa32c7e9:   89 84 24 80 00 00 00 48 8b 84 24 e0 00 00 00 48 


Stack slot to memory mapping:
stack at sp + 0 slots: 0x0000001bdb3fe710 is pointing into the stack for thread: 0x000001a6794d6000
stack at sp + 1 slots: 0x0000001bdb4fe760 is pointing into the stack for thread: 0x000001a6794d2000
stack at sp + 2 slots: 0x0 is NULL
stack at sp + 3 slots: 0x000001a67cfc3650 points into unknown readable memory: 0x0035006200310033 | 33 00 31 00 62 00 35 00
stack at sp + 4 slots: 0x000001a600000001 points into unknown readable memory: 00 00 00 00 00 00 00
stack at sp + 5 slots: 0x00000000000002d3 is an unknown value
stack at sp + 6 slots: 0x0000001bdb3fe700 is pointing into the stack for thread: 0x000001a6794d6000
stack at sp + 7 slots: 0x0 is NULL


---------------  P R O C E S S  ---------------

Threads class SMR info:
_java_thread_list=0x000001a67e7d1990, length=50, elements={
0x000001a65a16c000, 0x000001a675e2a000, 0x000001a675e2b000, 0x000001a6767bb000,
0x000001a6767bd800, 0x000001a6767be800, 0x000001a6767c1800, 0x000001a675e45000,
0x000001a675e5a800, 0x000001a67692d000, 0x000001a678928000, 0x000001a678f87800,
0x000001a678e32000, 0x000001a677de8800, 0x000001a677de9000, 0x000001a677de7800,
0x000001a6794d6000, 0x000001a6794d2000, 0x000001a6794d4800, 0x000001a6794d3800,
0x000001a6794d2800, 0x000001a6794d7000, 0x000001a6794da000, 0x000001a6794db000,
0x000001a679e4a800, 0x000001a679e4b800, 0x000001a679e4c800, 0x000001a679e4e000,
0x000001a679e49000, 0x000001a679e53000, 0x000001a679e51800, 0x000001a679e55800,
0x000001a679e4f800, 0x000001a679e53800, 0x000001a679e56000, 0x000001a679e50800,
0x000001a679e54800, 0x000001a679e58000, 0x000001a679e57000, 0x000001a6794d5000,
0x000001a6794d1000, 0x000001a6794d9000, 0x000001a6794dd800, 0x000001a6794de000,
0x000001a6794d8800, 0x000001a6794df000, 0x000001a6794df800, 0x000001a6794d7800,
0x000001a677de6800, 0x000001a679e52000
}

Java Threads: ( => current thread )
  0x000001a65a16c000 JavaThread "main" [_thread_blocked, id=6328, stack(0x0000001bd9100000,0x0000001bd9200000)]
  0x000001a675e2a000 JavaThread "Reference Handler" daemon [_thread_blocked, id=7260, stack(0x0000001bd9800000,0x0000001bd9900000)]
  0x000001a675e2b000 JavaThread "Finalizer" daemon [_thread_blocked, id=5672, stack(0x0000001bd9900000,0x0000001bd9a00000)]
  0x000001a6767bb000 JavaThread "Signal Dispatcher" daemon [_thread_blocked, id=4532, stack(0x0000001bd9a00000,0x0000001bd9b00000)]
  0x000001a6767bd800 JavaThread "Attach Listener" daemon [_thread_blocked, id=7824, stack(0x0000001bd9b00000,0x0000001bd9c00000)]
  0x000001a6767be800 JavaThread "Service Thread" daemon [_thread_blocked, id=8712, stack(0x0000001bd9c00000,0x0000001bd9d00000)]
  0x000001a6767c1800 JavaThread "C2 CompilerThread0" daemon [_thread_in_native, id=2628, stack(0x0000001bd9d00000,0x0000001bd9e00000)]
  0x000001a675e45000 JavaThread "C1 CompilerThread0" daemon [_thread_blocked, id=7272, stack(0x0000001bd9e00000,0x0000001bd9f00000)]
  0x000001a675e5a800 JavaThread "Sweeper thread" daemon [_thread_blocked, id=3400, stack(0x0000001bd9f00000,0x0000001bda000000)]
  0x000001a67692d000 JavaThread "Common-Cleaner" daemon [_thread_blocked, id=8288, stack(0x0000001bda000000,0x0000001bda100000)]
  0x000001a678928000 JavaThread "Daemon health stats" [_thread_blocked, id=8312, stack(0x0000001bda500000,0x0000001bda600000)]
  0x000001a678f87800 JavaThread "Incoming local TCP Connector on port 24463" [_thread_in_native, id=7412, stack(0x0000001bda200000,0x0000001bda300000)]
  0x000001a678e32000 JavaThread "Daemon periodic checks" [_thread_blocked, id=9124, stack(0x0000001bda600000,0x0000001bda700000)]
  0x000001a677de8800 JavaThread "Cache worker for file hash cache (C:\Users\GolovinDE\.gradle\caches\7.0.2\fileHashes)" [_thread_blocked, id=8636, stack(0x0000001bdaf00000,0x0000001bdb000000)]
  0x000001a677de9000 JavaThread "File lock request listener" [_thread_in_native, id=6248, stack(0x0000001bdb000000,0x0000001bdb100000)]
  0x000001a677de7800 JavaThread "Cache worker for journal cache (C:\Users\GolovinDE\.gradle\caches\journal-1)" [_thread_blocked, id=7904, stack(0x0000001bdb100000,0x0000001bdb200000)]
=>0x000001a6794d6000 JavaThread "File watcher server" daemon [_thread_in_native, id=912, stack(0x0000001bdb300000,0x0000001bdb400000)]
  0x000001a6794d2000 JavaThread "File watcher consumer" daemon [_thread_blocked, id=3264, stack(0x0000001bdb400000,0x0000001bdb500000)]
  0x000001a6794d4800 JavaThread "jar transforms" [_thread_blocked, id=6608, stack(0x0000001bdb500000,0x0000001bdb600000)]
  0x000001a6794d3800 JavaThread "jar transforms Thread 2" [_thread_blocked, id=4936, stack(0x0000001bdb600000,0x0000001bdb700000)]
  0x000001a6794d2800 JavaThread "jar transforms Thread 3" [_thread_blocked, id=8992, stack(0x0000001bdb700000,0x0000001bdb800000)]
  0x000001a6794d7000 JavaThread "jar transforms Thread 4" [_thread_blocked, id=3440, stack(0x0000001bdb800000,0x0000001bdb900000)]
  0x000001a6794da000 JavaThread "Cache worker for execution history cache (C:\Users\GolovinDE\.gradle\caches\7.0.2\executionHistory)" [_thread_blocked, id=4916, stack(0x0000001bdbc00000,0x0000001bdbd00000)]
  0x000001a6794db000 JavaThread "Cache worker for file content cache (C:\Users\GolovinDE\.gradle\caches\7.0.2\fileContent)" [_thread_blocked, id=8544, stack(0x0000001bdbe00000,0x0000001bdbf00000)]
  0x000001a679e4a800 JavaThread "Memory manager" [_thread_blocked, id=664, stack(0x0000001bd8f00000,0x0000001bd9000000)]
  0x000001a679e4b800 JavaThread "Daemon Thread 3" [_thread_blocked, id=2940, stack(0x0000001bd8e00000,0x0000001bd8f00000)]
  0x000001a679e4c800 JavaThread "Handler for socket connection from /127.0.0.1:24463 to /127.0.0.1:16946" [_thread_in_native, id=8920, stack(0x0000001bd9000000,0x0000001bd9100000)]
  0x000001a679e4e000 JavaThread "Cancel handler" [_thread_blocked, id=8624, stack(0x0000001bda700000,0x0000001bda800000)]
  0x000001a679e49000 JavaThread "Daemon worker Thread 3" [_thread_blocked, id=984, stack(0x0000001bda800000,0x0000001bda900000)]
  0x000001a679e53000 JavaThread "Asynchronous log dispatcher for DefaultDaemonConnection: socket connection from /127.0.0.1:24463 to /127.0.0.1:16946" [_thread_blocked, id=5876, stack(0x0000001bda900000,0x0000001bdaa00000)]
  0x000001a679e51800 JavaThread "Stdin handler" [_thread_blocked, id=8592, stack(0x0000001bdaa00000,0x0000001bdab00000)]
  0x000001a679e55800 JavaThread "Daemon client event forwarder" [_thread_blocked, id=8916, stack(0x0000001bdab00000,0x0000001bdac00000)]
  0x000001a679e4f800 JavaThread "Cache worker for file hash cache (G:\android\.gradle\7.0.2\fileHashes)" [_thread_blocked, id=5592, stack(0x0000001bdac00000,0x0000001bdad00000)]
  0x000001a679e53800 JavaThread "Cache worker for checksums cache (G:\android\.gradle\checksums)" [_thread_blocked, id=7948, stack(0x0000001bdb200000,0x0000001bdb300000)]
  0x000001a679e56000 JavaThread "Cache worker for cache directory md-supplier (C:\Users\GolovinDE\.gradle\caches\7.0.2\md-supplier)" [_thread_blocked, id=5948, stack(0x0000001bdb900000,0x0000001bdba00000)]
  0x000001a679e50800 JavaThread "Cache worker for cache directory md-rule (C:\Users\GolovinDE\.gradle\caches\7.0.2\md-rule)" [_thread_blocked, id=5048, stack(0x0000001bdba00000,0x0000001bdbb00000)]
  0x000001a679e54800 JavaThread "Cache worker for dependencies-accessors (G:\android\.gradle\7.0.2\dependencies-accessors)" [_thread_blocked, id=3892, stack(0x0000001bdbb00000,0x0000001bdbc00000)]
  0x000001a679e58000 JavaThread "Cache worker for Build Output Cleanup Cache (G:\android\.gradle\buildOutputCleanup)" [_thread_in_native, id=8768, stack(0x0000001bdbd00000,0x0000001bdbe00000)]
  0x000001a679e57000 JavaThread "Build operations" [_thread_in_native, id=2184, stack(0x0000001bdbf00000,0x0000001bdc000000)]
  0x000001a6794d5000 JavaThread "Build operations Thread 2" [_thread_blocked, id=3260, stack(0x0000001bdc000000,0x0000001bdc100000)]
  0x000001a6794d1000 JavaThread "Build operations Thread 3" [_thread_blocked, id=7928, stack(0x0000001bdc100000,0x0000001bdc200000)]
  0x000001a6794d9000 JavaThread "Build operations Thread 4" [_thread_blocked, id=2636, stack(0x0000001bdc200000,0x0000001bdc300000)]
  0x000001a6794dd800 JavaThread "Keep-Alive-Timer" daemon [_thread_blocked, id=8716, stack(0x0000001bdad00000,0x0000001bdae00000)]
  0x000001a6794de000 JavaThread "Execution worker for ':'" [_thread_blocked, id=7464, stack(0x0000001bdc400000,0x0000001bdc500000)]
  0x000001a6794d8800 JavaThread "Execution worker for ':' Thread 2" [_thread_blocked, id=2376, stack(0x0000001bdc500000,0x0000001bdc600000)]
  0x000001a6794df000 JavaThread "Execution worker for ':' Thread 3" [_thread_blocked, id=3216, stack(0x0000001bdc600000,0x0000001bdc700000)]
  0x000001a6794df800 JavaThread "Cache worker for execution history cache (G:\android\.gradle\7.0.2\executionHistory)" [_thread_blocked, id=7012, stack(0x0000001bdc700000,0x0000001bdc800000)]
  0x000001a6794d7800 JavaThread "WorkerExecutor Queue" [_thread_blocked, id=2544, stack(0x0000001bdc300000,0x0000001bdc400000)]
  0x000001a677de6800 JavaThread "C2 CompilerThread1" daemon [_thread_in_native, id=6572, stack(0x0000001bdc800000,0x0000001bdc900000)]
  0x000001a679e52000 JavaThread "WorkerExecutor Queue Thread 2" [_thread_blocked, id=1748, stack(0x0000001bdc900000,0x0000001bdca00000)]

Other Threads:
  0x000001a675e27800 VMThread "VM Thread" [stack: 0x0000001bd9700000,0x0000001bd9800000] [id=8252]
  0x000001a67692e800 WatcherThread [stack: 0x0000001bda100000,0x0000001bda200000] [id=1380]
  0x000001a65a2e6800 GCTaskThread "GC Thread#0" [stack: 0x0000001bd9200000,0x0000001bd9300000] [id=3224]
  0x000001a676a7f800 GCTaskThread "GC Thread#1" [stack: 0x0000001bda300000,0x0000001bda400000] [id=5588]
  0x000001a676bb8800 GCTaskThread "GC Thread#2" [stack: 0x0000001bda400000,0x0000001bda500000] [id=6976]
  0x000001a678e85000 GCTaskThread "GC Thread#3" [stack: 0x0000001bdae00000,0x0000001bdaf00000] [id=7796]
  0x000001a65a319800 ConcurrentGCThread "G1 Main Marker" [stack: 0x0000001bd9300000,0x0000001bd9400000] [id=2308]
  0x000001a65a31b000 ConcurrentGCThread "G1 Conc#0" [stack: 0x0000001bd9400000,0x0000001bd9500000] [id=1384]
  0x000001a65a39d800 ConcurrentGCThread "G1 Refine#0" [stack: 0x0000001bd9500000,0x0000001bd9600000] [id=7068]
  0x000001a675c70800 ConcurrentGCThread "G1 Young RemSet Sampling" [stack: 0x0000001bd9600000,0x0000001bd9700000] [id=2124]

Threads with active compile tasks:
C2 CompilerThread01912122 19989       4       org.gradle.internal.snapshot.DirectorySnapshot$$Lambda$1057/0x0000000100d62840::accept (20 bytes)
C2 CompilerThread11912122 19993       4       org.gradle.internal.fingerprint.classpath.impl.ClasspathFingerprintingStrategy$ClasspathFingerprintingVisitor::visitEntry (20 bytes)

VM state:not at safepoint (normal execution)

VM Mutex/Monitor currently owned by a thread: None

Heap address: 0x0000000080000000, size: 2048 MB, Compressed Oops mode: 32-bit
Narrow klass base: 0x0000000000000000, Narrow klass shift: 3
Compressed class space size: 1073741824 Address: 0x0000000100000000

Heap:
 garbage-first heap   total 227328K, used 178517K [0x0000000080000000, 0x0000000100000000)
  region size 1024K, 66 young (67584K), 1 survivors (1024K)
 Metaspace       used 118126K, capacity 121339K, committed 121508K, reserved 1155072K
  class space    used 14657K, capacity 15821K, committed 15872K, reserved 1048576K
Heap Regions: E=young(eden), S=young(survivor), O=old, HS=humongous(starts), HC=humongous(continues), CS=collection set, F=free, A=archive, TAMS=top-at-mark-start (previous, next)
|   0|0x0000000080000000, 0x0000000080100000, 0x0000000080100000|100%| O|  |TAMS 0x0000000080100000, 0x0000000080000000| Untracked 
|   1|0x0000000080100000, 0x0000000080200000, 0x0000000080200000|100%| O|  |TAMS 0x0000000080200000, 0x0000000080100000| Complete 
|   2|0x0000000080200000, 0x0000000080300000, 0x0000000080300000|100%| O|  |TAMS 0x0000000080300000, 0x0000000080200000| Untracked 
|   3|0x0000000080300000, 0x0000000080400000, 0x0000000080400000|100%|HS|  |TAMS 0x0000000080400000, 0x0000000080300000| Complete 
|   4|0x0000000080400000, 0x0000000080500000, 0x0000000080500000|100%|HC|  |TAMS 0x0000000080500000, 0x0000000080400000| Complete 
|   5|0x0000000080500000, 0x0000000080600000, 0x0000000080600000|100%|HC|  |TAMS 0x0000000080600000, 0x0000000080500000| Complete 
|   6|0x0000000080600000, 0x0000000080700000, 0x0000000080700000|100%| O|  |TAMS 0x0000000080700000, 0x0000000080600000| Untracked 
|   7|0x0000000080700000, 0x0000000080800000, 0x0000000080800000|100%| O|  |TAMS 0x0000000080800000, 0x0000000080700000| Untracked 
|   8|0x0000000080800000, 0x0000000080900000, 0x0000000080900000|100%| O|  |TAMS 0x0000000080900000, 0x0000000080800000| Untracked 
|   9|0x0000000080900000, 0x0000000080a00000, 0x0000000080a00000|100%| O|  |TAMS 0x0000000080a00000, 0x0000000080900000| Complete 
|  10|0x0000000080a00000, 0x0000000080b00000, 0x0000000080b00000|100%| O|  |TAMS 0x0000000080b00000, 0x0000000080a00000| Complete 
|  11|0x0000000080b00000, 0x0000000080c00000, 0x0000000080c00000|100%| O|  |TAMS 0x0000000080c00000, 0x0000000080b00000| Untracked 
|  12|0x0000000080c00000, 0x0000000080d00000, 0x0000000080d00000|100%| O|  |TAMS 0x0000000080d00000, 0x0000000080c00000| Complete 
|  13|0x0000000080d00000, 0x0000000080e00000, 0x0000000080e00000|100%| O|  |TAMS 0x0000000080e00000, 0x0000000080d00000| Untracked 
|  14|0x0000000080e00000, 0x0000000080f00000, 0x0000000080f00000|100%| O|  |TAMS 0x0000000080f00000, 0x0000000080e00000| Untracked 
|  15|0x0000000080f00000, 0x0000000081000000, 0x0000000081000000|100%| O|  |TAMS 0x0000000081000000, 0x0000000080f00000| Untracked 
|  16|0x0000000081000000, 0x0000000081100000, 0x0000000081100000|100%|HS|  |TAMS 0x0000000081100000, 0x0000000081000000| Complete 
|  17|0x0000000081100000, 0x0000000081200000, 0x0000000081200000|100%|HC|  |TAMS 0x0000000081200000, 0x0000000081100000| Complete 
|  18|0x0000000081200000, 0x0000000081300000, 0x0000000081300000|100%|HS|  |TAMS 0x0000000081300000, 0x0000000081200000| Complete 
|  19|0x0000000081300000, 0x0000000081400000, 0x0000000081400000|100%|HC|  |TAMS 0x0000000081400000, 0x0000000081300000| Complete 
|  20|0x0000000081400000, 0x0000000081500000, 0x0000000081500000|100%|HC|  |TAMS 0x0000000081500000, 0x0000000081400000| Complete 
|  21|0x0000000081500000, 0x0000000081600000, 0x0000000081600000|100%|HS|  |TAMS 0x0000000081600000, 0x0000000081500000| Complete 
|  22|0x0000000081600000, 0x0000000081700000, 0x0000000081700000|100%|HC|  |TAMS 0x0000000081700000, 0x0000000081600000| Complete 
|  23|0x0000000081700000, 0x0000000081800000, 0x0000000081800000|100%|HC|  |TAMS 0x0000000081800000, 0x0000000081700000| Complete 
|  24|0x0000000081800000, 0x0000000081900000, 0x0000000081900000|100%|HC|  |TAMS 0x0000000081900000, 0x0000000081800000| Complete 
|  25|0x0000000081900000, 0x0000000081a00000, 0x0000000081a00000|100%|HC|  |TAMS 0x0000000081a00000, 0x0000000081900000| Complete 
|  26|0x0000000081a00000, 0x0000000081b00000, 0x0000000081b00000|100%| O|  |TAMS 0x0000000081b00000, 0x0000000081a00000| Untracked 
|  27|0x0000000081b00000, 0x0000000081c00000, 0x0000000081c00000|100%| O|  |TAMS 0x0000000081c00000, 0x0000000081b00000| Complete 
|  28|0x0000000081c00000, 0x0000000081d00000, 0x0000000081d00000|100%| O|  |TAMS 0x0000000081d00000, 0x0000000081c00000| Complete 
|  29|0x0000000081d00000, 0x0000000081e00000, 0x0000000081e00000|100%| O|  |TAMS 0x0000000081e00000, 0x0000000081d00000| Untracked 
|  30|0x0000000081e00000, 0x0000000081f00000, 0x0000000081f00000|100%| O|  |TAMS 0x0000000081f00000, 0x0000000081e00000| Complete 
|  31|0x0000000081f00000, 0x0000000082000000, 0x0000000082000000|100%| O|  |TAMS 0x0000000082000000, 0x0000000081f00000| Untracked 
|  32|0x0000000082000000, 0x0000000082100000, 0x0000000082100000|100%| O|  |TAMS 0x0000000082100000, 0x0000000082000000| Complete 
|  33|0x0000000082100000, 0x0000000082200000, 0x0000000082200000|100%| O|  |TAMS 0x0000000082200000, 0x0000000082100000| Untracked 
|  34|0x0000000082200000, 0x0000000082300000, 0x0000000082300000|100%| O|  |TAMS 0x0000000082300000, 0x0000000082200000| Complete 
|  35|0x0000000082300000, 0x0000000082400000, 0x0000000082400000|100%| O|  |TAMS 0x0000000082400000, 0x0000000082300000| Untracked 
|  36|0x0000000082400000, 0x0000000082500000, 0x0000000082500000|100%| O|  |TAMS 0x0000000082500000, 0x0000000082400000| Untracked 
|  37|0x0000000082500000, 0x0000000082600000, 0x0000000082600000|100%| O|  |TAMS 0x0000000082600000, 0x0000000082500000| Complete 
|  38|0x0000000082600000, 0x0000000082600000, 0x0000000082700000|  0%| F|  |TAMS 0x0000000082600000, 0x0000000082600000| Untracked 
|  39|0x0000000082700000, 0x0000000082700000, 0x0000000082800000|  0%| F|  |TAMS 0x0000000082700000, 0x0000000082700000| Untracked 
|  40|0x0000000082800000, 0x0000000082900000, 0x0000000082900000|100%| O|  |TAMS 0x0000000082900000, 0x0000000082800000| Untracked 
|  41|0x0000000082900000, 0x0000000082a00000, 0x0000000082a00000|100%| O|  |TAMS 0x0000000082a00000, 0x0000000082900000| Untracked 
|  42|0x0000000082a00000, 0x0000000082b00000, 0x0000000082b00000|100%| O|  |TAMS 0x0000000082b00000, 0x0000000082a00000| Untracked 
|  43|0x0000000082b00000, 0x0000000082c00000, 0x0000000082c00000|100%|HS|  |TAMS 0x0000000082c00000, 0x0000000082b00000| Complete 
|  44|0x0000000082c00000, 0x0000000082d00000, 0x0000000082d00000|100%|HC|  |TAMS 0x0000000082d00000, 0x0000000082c00000| Complete 
|  45|0x0000000082d00000, 0x0000000082e00000, 0x0000000082e00000|100%|HC|  |TAMS 0x0000000082e00000, 0x0000000082d00000| Complete 
|  46|0x0000000082e00000, 0x0000000082f00000, 0x0000000082f00000|100%|HC|  |TAMS 0x0000000082f00000, 0x0000000082e00000| Complete 
|  47|0x0000000082f00000, 0x0000000083000000, 0x0000000083000000|100%|HC|  |TAMS 0x0000000083000000, 0x0000000082f00000| Complete 
|  48|0x0000000083000000, 0x0000000083100000, 0x0000000083100000|100%| O|  |TAMS 0x0000000083100000, 0x0000000083000000| Untracked 
|  49|0x0000000083100000, 0x0000000083200000, 0x0000000083200000|100%| O|  |TAMS 0x0000000083200000, 0x0000000083100000| Untracked 
|  50|0x0000000083200000, 0x0000000083300000, 0x0000000083300000|100%| O|  |TAMS 0x0000000083300000, 0x0000000083200000| Complete 
|  51|0x0000000083300000, 0x0000000083300000, 0x0000000083400000|  0%| F|  |TAMS 0x0000000083300000, 0x0000000083300000| Untracked 
|  52|0x0000000083400000, 0x0000000083400000, 0x0000000083500000|  0%| F|  |TAMS 0x0000000083400000, 0x0000000083400000| Untracked 
|  53|0x0000000083500000, 0x0000000083600000, 0x0000000083600000|100%| O|  |TAMS 0x0000000083600000, 0x0000000083500000| Complete 
|  54|0x0000000083600000, 0x0000000083700000, 0x0000000083700000|100%| O|  |TAMS 0x0000000083700000, 0x0000000083600000| Untracked 
|  55|0x0000000083700000, 0x0000000083800000, 0x0000000083800000|100%| O|  |TAMS 0x0000000083800000, 0x0000000083700000| Complete 
|  56|0x0000000083800000, 0x0000000083900000, 0x0000000083900000|100%|HS|  |TAMS 0x0000000083900000, 0x0000000083800000| Complete 
|  57|0x0000000083900000, 0x0000000083a00000, 0x0000000083a00000|100%|HC|  |TAMS 0x0000000083a00000, 0x0000000083900000| Complete 
|  58|0x0000000083a00000, 0x0000000083b00000, 0x0000000083b00000|100%|HC|  |TAMS 0x0000000083b00000, 0x0000000083a00000| Complete 
|  59|0x0000000083b00000, 0x0000000083c00000, 0x0000000083c00000|100%| O|  |TAMS 0x0000000083c00000, 0x0000000083b00000| Complete 
|  60|0x0000000083c00000, 0x0000000083d00000, 0x0000000083d00000|100%| O|  |TAMS 0x0000000083d00000, 0x0000000083c00000| Untracked 
|  61|0x0000000083d00000, 0x0000000083e00000, 0x0000000083e00000|100%| O|  |TAMS 0x0000000083e00000, 0x0000000083d00000| Untracked 
|  62|0x0000000083e00000, 0x0000000083f00000, 0x0000000083f00000|100%| O|  |TAMS 0x0000000083f00000, 0x0000000083e00000| Untracked 
|  63|0x0000000083f00000, 0x0000000084000000, 0x0000000084000000|100%| O|  |TAMS 0x0000000084000000, 0x0000000083f00000| Complete 
|  64|0x0000000084000000, 0x0000000084100000, 0x0000000084100000|100%| O|  |TAMS 0x0000000084100000, 0x0000000084000000| Complete 
|  65|0x0000000084100000, 0x0000000084200000, 0x0000000084200000|100%| O|  |TAMS 0x0000000084200000, 0x0000000084100000| Complete 
|  66|0x0000000084200000, 0x0000000084300000, 0x0000000084300000|100%| O|  |TAMS 0x0000000084300000, 0x0000000084200000| Complete 
|  67|0x0000000084300000, 0x0000000084400000, 0x0000000084400000|100%| O|  |TAMS 0x0000000084400000, 0x0000000084300000| Untracked 
|  68|0x0000000084400000, 0x0000000084500000, 0x0000000084500000|100%| O|  |TAMS 0x0000000084500000, 0x0000000084400000| Untracked 
|  69|0x0000000084500000, 0x0000000084600000, 0x0000000084600000|100%| O|  |TAMS 0x0000000084600000, 0x0000000084500000| Complete 
|  70|0x0000000084600000, 0x0000000084700000, 0x0000000084700000|100%| O|  |TAMS 0x0000000084700000, 0x0000000084600000| Untracked 
|  71|0x0000000084700000, 0x0000000084800000, 0x0000000084800000|100%| O|  |TAMS 0x0000000084800000, 0x0000000084700000| Untracked 
|  72|0x0000000084800000, 0x0000000084900000, 0x0000000084900000|100%|HS|  |TAMS 0x0000000084900000, 0x0000000084800000| Complete 
|  73|0x0000000084900000, 0x0000000084a00000, 0x0000000084a00000|100%|HS|  |TAMS 0x0000000084a00000, 0x0000000084900000| Complete 
|  74|0x0000000084a00000, 0x0000000084b00000, 0x0000000084b00000|100%|HS|  |TAMS 0x0000000084b00000, 0x0000000084a00000| Complete 
|  75|0x0000000084b00000, 0x0000000084c00000, 0x0000000084c00000|100%|HC|  |TAMS 0x0000000084c00000, 0x0000000084b00000| Complete 
|  76|0x0000000084c00000, 0x0000000084d00000, 0x0000000084d00000|100%| O|  |TAMS 0x0000000084d00000, 0x0000000084c00000| Untracked 
|  77|0x0000000084d00000, 0x0000000084e00000, 0x0000000084e00000|100%| O|  |TAMS 0x0000000084e00000, 0x0000000084d00000| Untracked 
|  78|0x0000000084e00000, 0x0000000084f00000, 0x0000000084f00000|100%| O|  |TAMS 0x0000000084f00000, 0x0000000084e00000| Complete 
|  79|0x0000000084f00000, 0x0000000085000000, 0x0000000085000000|100%| O|  |TAMS 0x0000000085000000, 0x0000000084f00000| Untracked 
|  80|0x0000000085000000, 0x0000000085100000, 0x0000000085100000|100%| O|  |TAMS 0x0000000085100000, 0x0000000085000000| Untracked 
|  81|0x0000000085100000, 0x0000000085200000, 0x0000000085200000|100%| O|  |TAMS 0x0000000085200000, 0x0000000085100000| Untracked 
|  82|0x0000000085200000, 0x0000000085300000, 0x0000000085300000|100%| O|  |TAMS 0x0000000085300000, 0x0000000085200000| Complete 
|  83|0x0000000085300000, 0x0000000085400000, 0x0000000085400000|100%| O|  |TAMS 0x0000000085400000, 0x0000000085300000| Untracked 
|  84|0x0000000085400000, 0x0000000085500000, 0x0000000085500000|100%| O|  |TAMS 0x0000000085500000, 0x0000000085400000| Untracked 
|  85|0x0000000085500000, 0x0000000085600000, 0x0000000085600000|100%| O|  |TAMS 0x0000000085600000, 0x0000000085500000| Untracked 
|  86|0x0000000085600000, 0x0000000085700000, 0x0000000085700000|100%| O|  |TAMS 0x0000000085700000, 0x0000000085600000| Untracked 
|  87|0x0000000085700000, 0x0000000085800000, 0x0000000085800000|100%| O|  |TAMS 0x0000000085800000, 0x0000000085700000| Complete 
|  88|0x0000000085800000, 0x0000000085900000, 0x0000000085900000|100%| O|  |TAMS 0x0000000085900000, 0x0000000085800000| Complete 
|  89|0x0000000085900000, 0x0000000085a00000, 0x0000000085a00000|100%| O|  |TAMS 0x0000000085a00000, 0x0000000085900000| Untracked 
|  90|0x0000000085a00000, 0x0000000085b00000, 0x0000000085b00000|100%| O|  |TAMS 0x0000000085b00000, 0x0000000085a00000| Complete 
|  91|0x0000000085b00000, 0x0000000085c00000, 0x0000000085c00000|100%| O|  |TAMS 0x0000000085c00000, 0x0000000085b00000| Complete 
|  92|0x0000000085c00000, 0x0000000085d00000, 0x0000000085d00000|100%| O|  |TAMS 0x0000000085d00000, 0x0000000085c00000| Complete 
|  93|0x0000000085d00000, 0x0000000085e00000, 0x0000000085e00000|100%| O|  |TAMS 0x0000000085e00000, 0x0000000085d00000| Complete 
|  94|0x0000000085e00000, 0x0000000085f00000, 0x0000000085f00000|100%| O|  |TAMS 0x0000000085f00000, 0x0000000085e00000| Complete 
|  95|0x0000000085f00000, 0x0000000086000000, 0x0000000086000000|100%| O|  |TAMS 0x0000000086000000, 0x0000000085f00000| Complete 
|  96|0x0000000086000000, 0x0000000086100000, 0x0000000086100000|100%| O|  |TAMS 0x0000000086100000, 0x0000000086000000| Complete 
|  97|0x0000000086100000, 0x0000000086200000, 0x0000000086200000|100%| O|  |TAMS 0x0000000086200000, 0x0000000086100000| Untracked 
|  98|0x0000000086200000, 0x0000000086300000, 0x0000000086300000|100%| O|  |TAMS 0x0000000086300000, 0x0000000086200000| Complete 
|  99|0x0000000086300000, 0x0000000086400000, 0x0000000086400000|100%| O|  |TAMS 0x0000000086400000, 0x0000000086300000| Complete 
| 100|0x0000000086400000, 0x0000000086500000, 0x0000000086500000|100%| O|  |TAMS 0x0000000086500000, 0x0000000086400000| Untracked 
| 101|0x0000000086500000, 0x0000000086600000, 0x0000000086600000|100%| O|  |TAMS 0x0000000086600000, 0x0000000086500000| Complete 
| 102|0x0000000086600000, 0x0000000086600000, 0x0000000086700000|  0%| F|  |TAMS 0x0000000086600000, 0x0000000086600000| Untracked 
| 103|0x0000000086700000, 0x0000000086800000, 0x0000000086800000|100%| O|  |TAMS 0x0000000086800000, 0x0000000086700000| Complete 
| 104|0x0000000086800000, 0x0000000086900000, 0x0000000086900000|100%| O|  |TAMS 0x0000000086900000, 0x0000000086800000| Untracked 
| 105|0x0000000086900000, 0x0000000086a00000, 0x0000000086a00000|100%| O|  |TAMS 0x0000000086a00000, 0x0000000086900000| Complete 
| 106|0x0000000086a00000, 0x0000000086b00000, 0x0000000086b00000|100%| O|  |TAMS 0x0000000086b00000, 0x0000000086a00000| Complete 
| 107|0x0000000086b00000, 0x0000000086c00000, 0x0000000086c00000|100%| O|  |TAMS 0x0000000086c00000, 0x0000000086b00000| Complete 
| 108|0x0000000086c00000, 0x0000000086d00000, 0x0000000086d00000|100%| O|  |TAMS 0x0000000086d00000, 0x0000000086c00000| Complete 
| 109|0x0000000086d00000, 0x0000000086e00000, 0x0000000086e00000|100%| O|  |TAMS 0x0000000086e00000, 0x0000000086d00000| Complete 
| 110|0x0000000086e00000, 0x0000000086f00000, 0x0000000086f00000|100%| O|  |TAMS 0x0000000086f00000, 0x0000000086e00000| Complete 
| 111|0x0000000086f00000, 0x0000000086f00000, 0x0000000087000000|  0%| F|  |TAMS 0x0000000086f00000, 0x0000000086f00000| Untracked 
| 112|0x0000000087000000, 0x0000000087100000, 0x0000000087100000|100%| O|  |TAMS 0x0000000087100000, 0x0000000087000000| Untracked 
| 113|0x0000000087100000, 0x0000000087200000, 0x0000000087200000|100%| O|  |TAMS 0x0000000087200000, 0x0000000087100000| Untracked 
| 114|0x0000000087200000, 0x0000000087300000, 0x0000000087300000|100%| O|  |TAMS 0x0000000087300000, 0x0000000087200000| Untracked 
| 115|0x0000000087300000, 0x0000000087400000, 0x0000000087400000|100%| O|  |TAMS 0x0000000087400000, 0x0000000087300000| Untracked 
| 116|0x0000000087400000, 0x00000000874e2000, 0x0000000087500000| 88%| O|  |TAMS 0x00000000874e2000, 0x0000000087400000| Untracked 
| 117|0x0000000087500000, 0x0000000087500000, 0x0000000087600000|  0%| F|  |TAMS 0x0000000087500000, 0x0000000087500000| Untracked 
| 118|0x0000000087600000, 0x0000000087600000, 0x0000000087700000|  0%| F|  |TAMS 0x0000000087600000, 0x0000000087600000| Untracked 
| 119|0x0000000087700000, 0x0000000087700000, 0x0000000087800000|  0%| F|  |TAMS 0x0000000087700000, 0x0000000087700000| Untracked 
| 120|0x0000000087800000, 0x0000000087800000, 0x0000000087900000|  0%| F|  |TAMS 0x0000000087800000, 0x0000000087800000| Untracked 
| 121|0x0000000087900000, 0x0000000087900000, 0x0000000087a00000|  0%| F|  |TAMS 0x0000000087900000, 0x0000000087900000| Untracked 
| 122|0x0000000087a00000, 0x0000000087a00000, 0x0000000087b00000|  0%| F|  |TAMS 0x0000000087a00000, 0x0000000087a00000| Untracked 
| 123|0x0000000087b00000, 0x0000000087b00000, 0x0000000087c00000|  0%| F|  |TAMS 0x0000000087b00000, 0x0000000087b00000| Untracked 
| 124|0x0000000087c00000, 0x0000000087c00000, 0x0000000087d00000|  0%| F|  |TAMS 0x0000000087c00000, 0x0000000087c00000| Untracked 
| 125|0x0000000087d00000, 0x0000000087d00000, 0x0000000087e00000|  0%| F|  |TAMS 0x0000000087d00000, 0x0000000087d00000| Untracked 
| 126|0x0000000087e00000, 0x0000000087e00000, 0x0000000087f00000|  0%| F|  |TAMS 0x0000000087e00000, 0x0000000087e00000| Untracked 
| 127|0x0000000087f00000, 0x0000000087f00000, 0x0000000088000000|  0%| F|  |TAMS 0x0000000087f00000, 0x0000000087f00000| Untracked 
| 128|0x0000000088000000, 0x0000000088000000, 0x0000000088100000|  0%| F|  |TAMS 0x0000000088000000, 0x0000000088000000| Untracked 
| 129|0x0000000088100000, 0x0000000088100000, 0x0000000088200000|  0%| F|  |TAMS 0x0000000088100000, 0x0000000088100000| Untracked 
| 130|0x0000000088200000, 0x0000000088200000, 0x0000000088300000|  0%| F|  |TAMS 0x0000000088200000, 0x0000000088200000| Untracked 
| 131|0x0000000088300000, 0x0000000088300000, 0x0000000088400000|  0%| F|  |TAMS 0x0000000088300000, 0x0000000088300000| Untracked 
| 132|0x0000000088400000, 0x0000000088400000, 0x0000000088500000|  0%| F|  |TAMS 0x0000000088400000, 0x0000000088400000| Untracked 
| 133|0x0000000088500000, 0x0000000088500000, 0x0000000088600000|  0%| F|  |TAMS 0x0000000088500000, 0x0000000088500000| Untracked 
| 134|0x0000000088600000, 0x0000000088600000, 0x0000000088700000|  0%| F|  |TAMS 0x0000000088600000, 0x0000000088600000| Untracked 
| 135|0x0000000088700000, 0x0000000088700000, 0x0000000088800000|  0%| F|  |TAMS 0x0000000088700000, 0x0000000088700000| Untracked 
| 136|0x0000000088800000, 0x0000000088800000, 0x0000000088900000|  0%| F|  |TAMS 0x0000000088800000, 0x0000000088800000| Untracked 
| 137|0x0000000088900000, 0x0000000088900000, 0x0000000088a00000|  0%| F|  |TAMS 0x0000000088900000, 0x0000000088900000| Untracked 
| 138|0x0000000088a00000, 0x0000000088a00000, 0x0000000088b00000|  0%| F|  |TAMS 0x0000000088a00000, 0x0000000088a00000| Untracked 
| 139|0x0000000088b00000, 0x0000000088b00000, 0x0000000088c00000|  0%| F|  |TAMS 0x0000000088b00000, 0x0000000088b00000| Untracked 
| 140|0x0000000088c00000, 0x0000000088c00000, 0x0000000088d00000|  0%| F|  |TAMS 0x0000000088c00000, 0x0000000088c00000| Untracked 
| 141|0x0000000088d00000, 0x0000000088d00000, 0x0000000088e00000|  0%| F|  |TAMS 0x0000000088d00000, 0x0000000088d00000| Untracked 
| 142|0x0000000088e00000, 0x0000000088e00000, 0x0000000088f00000|  0%| F|  |TAMS 0x0000000088e00000, 0x0000000088e00000| Untracked 
| 143|0x0000000088f00000, 0x0000000088f00000, 0x0000000089000000|  0%| F|  |TAMS 0x0000000088f00000, 0x0000000088f00000| Untracked 
| 144|0x0000000089000000, 0x0000000089000000, 0x0000000089100000|  0%| F|  |TAMS 0x0000000089000000, 0x0000000089000000| Untracked 
| 145|0x0000000089100000, 0x0000000089173550, 0x0000000089200000| 45%| S|CS|TAMS 0x0000000089100000, 0x0000000089100000| Complete 
| 146|0x0000000089200000, 0x0000000089200000, 0x0000000089300000|  0%| F|  |TAMS 0x0000000089200000, 0x0000000089200000| Untracked 
| 147|0x0000000089300000, 0x0000000089300000, 0x0000000089400000|  0%| F|  |TAMS 0x0000000089300000, 0x0000000089300000| Untracked 
| 148|0x0000000089400000, 0x0000000089400000, 0x0000000089500000|  0%| F|  |TAMS 0x0000000089400000, 0x0000000089400000| Untracked 
| 149|0x0000000089500000, 0x0000000089500000, 0x0000000089600000|  0%| F|  |TAMS 0x0000000089500000, 0x0000000089500000| Untracked 
| 150|0x0000000089600000, 0x0000000089600000, 0x0000000089700000|  0%| F|  |TAMS 0x0000000089600000, 0x0000000089600000| Untracked 
| 151|0x0000000089700000, 0x0000000089700000, 0x0000000089800000|  0%| F|  |TAMS 0x0000000089700000, 0x0000000089700000| Untracked 
| 152|0x0000000089800000, 0x0000000089800000, 0x0000000089900000|  0%| F|  |TAMS 0x0000000089800000, 0x0000000089800000| Untracked 
| 153|0x0000000089900000, 0x0000000089900000, 0x0000000089a00000|  0%| F|  |TAMS 0x0000000089900000, 0x0000000089900000| Untracked 
| 154|0x0000000089a00000, 0x0000000089a00000, 0x0000000089b00000|  0%| F|  |TAMS 0x0000000089a00000, 0x0000000089a00000| Untracked 
| 155|0x0000000089b00000, 0x0000000089b00000, 0x0000000089c00000|  0%| F|  |TAMS 0x0000000089b00000, 0x0000000089b00000| Untracked 
| 156|0x0000000089c00000, 0x0000000089c00000, 0x0000000089d00000|  0%| F|  |TAMS 0x0000000089c00000, 0x0000000089c00000| Untracked 
| 157|0x0000000089d00000, 0x0000000089d725e8, 0x0000000089e00000| 44%| E|  |TAMS 0x0000000089d00000, 0x0000000089d00000| Complete 
| 158|0x0000000089e00000, 0x0000000089f00000, 0x0000000089f00000|100%| E|CS|TAMS 0x0000000089e00000, 0x0000000089e00000| Complete 
| 159|0x0000000089f00000, 0x000000008a000000, 0x000000008a000000|100%| E|CS|TAMS 0x0000000089f00000, 0x0000000089f00000| Complete 
| 160|0x000000008a000000, 0x000000008a100000, 0x000000008a100000|100%| E|CS|TAMS 0x000000008a000000, 0x000000008a000000| Complete 
| 161|0x000000008a100000, 0x000000008a200000, 0x000000008a200000|100%| E|CS|TAMS 0x000000008a100000, 0x000000008a100000| Complete 
| 162|0x000000008a200000, 0x000000008a300000, 0x000000008a300000|100%| E|CS|TAMS 0x000000008a200000, 0x000000008a200000| Complete 
| 163|0x000000008a300000, 0x000000008a400000, 0x000000008a400000|100%| E|CS|TAMS 0x000000008a300000, 0x000000008a300000| Complete 
| 164|0x000000008a400000, 0x000000008a500000, 0x000000008a500000|100%| E|CS|TAMS 0x000000008a400000, 0x000000008a400000| Complete 
| 165|0x000000008a500000, 0x000000008a600000, 0x000000008a600000|100%| E|CS|TAMS 0x000000008a500000, 0x000000008a500000| Complete 
| 166|0x000000008a600000, 0x000000008a700000, 0x000000008a700000|100%| E|CS|TAMS 0x000000008a600000, 0x000000008a600000| Complete 
| 167|0x000000008a700000, 0x000000008a800000, 0x000000008a800000|100%| E|  |TAMS 0x000000008a700000, 0x000000008a700000| Complete 
| 168|0x000000008a800000, 0x000000008a900000, 0x000000008a900000|100%| E|CS|TAMS 0x000000008a800000, 0x000000008a800000| Complete 
| 169|0x000000008a900000, 0x000000008aa00000, 0x000000008aa00000|100%| E|CS|TAMS 0x000000008a900000, 0x000000008a900000| Complete 
| 170|0x000000008aa00000, 0x000000008ab00000, 0x000000008ab00000|100%| E|CS|TAMS 0x000000008aa00000, 0x000000008aa00000| Complete 
| 171|0x000000008ab00000, 0x000000008ac00000, 0x000000008ac00000|100%| E|CS|TAMS 0x000000008ab00000, 0x000000008ab00000| Complete 
| 172|0x000000008ac00000, 0x000000008ad00000, 0x000000008ad00000|100%| E|CS|TAMS 0x000000008ac00000, 0x000000008ac00000| Complete 
| 173|0x000000008ad00000, 0x000000008ae00000, 0x000000008ae00000|100%| E|CS|TAMS 0x000000008ad00000, 0x000000008ad00000| Complete 
| 174|0x000000008ae00000, 0x000000008af00000, 0x000000008af00000|100%| E|CS|TAMS 0x000000008ae00000, 0x000000008ae00000| Complete 
| 175|0x000000008af00000, 0x000000008b000000, 0x000000008b000000|100%| E|CS|TAMS 0x000000008af00000, 0x000000008af00000| Complete 
| 176|0x000000008b000000, 0x000000008b100000, 0x000000008b100000|100%| E|CS|TAMS 0x000000008b000000, 0x000000008b000000| Complete 
| 177|0x000000008b100000, 0x000000008b200000, 0x000000008b200000|100%| E|CS|TAMS 0x000000008b100000, 0x000000008b100000| Complete 
| 178|0x000000008b200000, 0x000000008b300000, 0x000000008b300000|100%| E|CS|TAMS 0x000000008b200000, 0x000000008b200000| Complete 
| 179|0x000000008b300000, 0x000000008b400000, 0x000000008b400000|100%| E|CS|TAMS 0x000000008b300000, 0x000000008b300000| Complete 
| 180|0x000000008b400000, 0x000000008b500000, 0x000000008b500000|100%| E|CS|TAMS 0x000000008b400000, 0x000000008b400000| Complete 
| 181|0x000000008b500000, 0x000000008b600000, 0x000000008b600000|100%| E|CS|TAMS 0x000000008b500000, 0x000000008b500000| Complete 
| 182|0x000000008b600000, 0x000000008b700000, 0x000000008b700000|100%| E|CS|TAMS 0x000000008b600000, 0x000000008b600000| Complete 
| 183|0x000000008b700000, 0x000000008b800000, 0x000000008b800000|100%| E|CS|TAMS 0x000000008b700000, 0x000000008b700000| Complete 
| 184|0x000000008b800000, 0x000000008b900000, 0x000000008b900000|100%| E|CS|TAMS 0x000000008b800000, 0x000000008b800000| Complete 
| 185|0x000000008b900000, 0x000000008ba00000, 0x000000008ba00000|100%| E|CS|TAMS 0x000000008b900000, 0x000000008b900000| Complete 
| 186|0x000000008ba00000, 0x000000008bb00000, 0x000000008bb00000|100%| E|CS|TAMS 0x000000008ba00000, 0x000000008ba00000| Complete 
| 187|0x000000008bb00000, 0x000000008bc00000, 0x000000008bc00000|100%| E|CS|TAMS 0x000000008bb00000, 0x000000008bb00000| Complete 
| 188|0x000000008bc00000, 0x000000008bd00000, 0x000000008bd00000|100%| E|CS|TAMS 0x000000008bc00000, 0x000000008bc00000| Complete 
| 189|0x000000008bd00000, 0x000000008be00000, 0x000000008be00000|100%| E|CS|TAMS 0x000000008bd00000, 0x000000008bd00000| Complete 
| 190|0x000000008be00000, 0x000000008bf00000, 0x000000008bf00000|100%| E|CS|TAMS 0x000000008be00000, 0x000000008be00000| Complete 
| 191|0x000000008bf00000, 0x000000008c000000, 0x000000008c000000|100%| E|CS|TAMS 0x000000008bf00000, 0x000000008bf00000| Complete 
| 192|0x000000008c000000, 0x000000008c100000, 0x000000008c100000|100%| E|CS|TAMS 0x000000008c000000, 0x000000008c000000| Complete 
| 193|0x000000008c100000, 0x000000008c200000, 0x000000008c200000|100%| E|CS|TAMS 0x000000008c100000, 0x000000008c100000| Complete 
| 194|0x000000008c200000, 0x000000008c300000, 0x000000008c300000|100%| E|CS|TAMS 0x000000008c200000, 0x000000008c200000| Complete 
| 195|0x000000008c300000, 0x000000008c400000, 0x000000008c400000|100%| E|CS|TAMS 0x000000008c300000, 0x000000008c300000| Complete 
| 196|0x000000008c400000, 0x000000008c500000, 0x000000008c500000|100%| E|CS|TAMS 0x000000008c400000, 0x000000008c400000| Complete 
| 197|0x000000008c500000, 0x000000008c600000, 0x000000008c600000|100%| E|CS|TAMS 0x000000008c500000, 0x000000008c500000| Complete 
| 198|0x000000008c600000, 0x000000008c700000, 0x000000008c700000|100%| E|CS|TAMS 0x000000008c600000, 0x000000008c600000| Complete 
| 199|0x000000008c700000, 0x000000008c800000, 0x000000008c800000|100%| E|CS|TAMS 0x000000008c700000, 0x000000008c700000| Complete 
| 200|0x000000008c800000, 0x000000008c900000, 0x000000008c900000|100%| E|CS|TAMS 0x000000008c800000, 0x000000008c800000| Complete 
| 201|0x000000008c900000, 0x000000008ca00000, 0x000000008ca00000|100%| E|CS|TAMS 0x000000008c900000, 0x000000008c900000| Complete 
| 202|0x000000008ca00000, 0x000000008cb00000, 0x000000008cb00000|100%| E|CS|TAMS 0x000000008ca00000, 0x000000008ca00000| Complete 
| 203|0x000000008cb00000, 0x000000008cc00000, 0x000000008cc00000|100%| E|CS|TAMS 0x000000008cb00000, 0x000000008cb00000| Complete 
| 204|0x000000008cc00000, 0x000000008cd00000, 0x000000008cd00000|100%| E|CS|TAMS 0x000000008cc00000, 0x000000008cc00000| Complete 
| 205|0x000000008cd00000, 0x000000008ce00000, 0x000000008ce00000|100%| E|CS|TAMS 0x000000008cd00000, 0x000000008cd00000| Complete 
| 206|0x000000008ce00000, 0x000000008cf00000, 0x000000008cf00000|100%| E|CS|TAMS 0x000000008ce00000, 0x000000008ce00000| Complete 
| 207|0x000000008cf00000, 0x000000008d000000, 0x000000008d000000|100%| E|CS|TAMS 0x000000008cf00000, 0x000000008cf00000| Complete 
| 208|0x000000008d000000, 0x000000008d100000, 0x000000008d100000|100%| E|CS|TAMS 0x000000008d000000, 0x000000008d000000| Complete 
| 209|0x000000008d100000, 0x000000008d200000, 0x000000008d200000|100%| E|CS|TAMS 0x000000008d100000, 0x000000008d100000| Complete 
| 210|0x000000008d200000, 0x000000008d300000, 0x000000008d300000|100%| E|CS|TAMS 0x000000008d200000, 0x000000008d200000| Complete 
| 211|0x000000008d300000, 0x000000008d400000, 0x000000008d400000|100%| E|CS|TAMS 0x000000008d300000, 0x000000008d300000| Complete 
| 212|0x000000008d400000, 0x000000008d500000, 0x000000008d500000|100%| E|CS|TAMS 0x000000008d400000, 0x000000008d400000| Complete 
| 213|0x000000008d500000, 0x000000008d600000, 0x000000008d600000|100%| E|CS|TAMS 0x000000008d500000, 0x000000008d500000| Complete 
| 214|0x000000008d600000, 0x000000008d700000, 0x000000008d700000|100%| E|CS|TAMS 0x000000008d600000, 0x000000008d600000| Complete 
| 215|0x000000008d700000, 0x000000008d800000, 0x000000008d800000|100%| E|CS|TAMS 0x000000008d700000, 0x000000008d700000| Complete 
| 216|0x000000008d800000, 0x000000008d900000, 0x000000008d900000|100%| E|CS|TAMS 0x000000008d800000, 0x000000008d800000| Complete 
| 217|0x000000008d900000, 0x000000008da00000, 0x000000008da00000|100%| E|CS|TAMS 0x000000008d900000, 0x000000008d900000| Complete 
| 218|0x000000008da00000, 0x000000008db00000, 0x000000008db00000|100%| E|CS|TAMS 0x000000008da00000, 0x000000008da00000| Complete 
| 219|0x000000008db00000, 0x000000008dc00000, 0x000000008dc00000|100%| E|CS|TAMS 0x000000008db00000, 0x000000008db00000| Complete 
| 220|0x000000008dc00000, 0x000000008dd00000, 0x000000008dd00000|100%| E|CS|TAMS 0x000000008dc00000, 0x000000008dc00000| Complete 
| 221|0x000000008dd00000, 0x000000008de00000, 0x000000008de00000|100%| E|CS|TAMS 0x000000008dd00000, 0x000000008dd00000| Complete 

Card table byte_map: [0x000001a66efb0000,0x000001a66f3b0000] _byte_map_base: 0x000001a66ebb0000

Marking Bits (Prev, Next): (CMBitMap*) 0x000001a65a310d18, (CMBitMap*) 0x000001a65a310d50
 Prev Bits: [0x000001a66f7b0000, 0x000001a6717b0000)
 Next Bits: [0x000001a6717b0000, 0x000001a6737b0000)

Polling page: 0x000001a65a3a0000

Metaspace:

Usage:
  Non-class:    103.11 MB capacity,   101.05 MB ( 98%) used,     1.70 MB (  2%) free+waste,   360.69 KB ( <1%) overhead. 
      Class:     15.45 MB capacity,    14.31 MB ( 93%) used,  1000.70 KB (  6%) free+waste,   162.88 KB (  1%) overhead. 
       Both:    118.56 MB capacity,   115.37 MB ( 97%) used,     2.68 MB (  2%) free+waste,   523.56 KB ( <1%) overhead. 

Virtual space:
  Non-class space:      104.00 MB reserved,     103.16 MB (>99%) committed 
      Class space:        1.00 GB reserved,      15.50 MB (  2%) committed 
             Both:        1.10 GB reserved,     118.66 MB ( 11%) committed 

Chunk freelists:
   Non-Class:  52.00 KB
       Class:  0 bytes
        Both:  52.00 KB

MaxMetaspaceSize: 17179869184.00 GB
CompressedClassSpaceSize: 1.00 GB

CodeHeap 'non-profiled nmethods': size=120064Kb used=15547Kb max_used=15547Kb free=104516Kb
 bounds [0x000001a667040000, 0x000001a667f80000, 0x000001a66e580000]
CodeHeap 'profiled nmethods': size=120000Kb used=39035Kb max_used=39035Kb free=80964Kb
 bounds [0x000001a65fb10000, 0x000001a662150000, 0x000001a667040000]
CodeHeap 'non-nmethods': size=5696Kb used=2357Kb max_used=2412Kb free=3338Kb
 bounds [0x000001a65f580000, 0x000001a65f7f0000, 0x000001a65fb10000]
 total_blobs=18469 nmethods=17488 adapters=891
 compilation: enabled
              stopped_count=0, restarted_count=0
 full_count=0

Compilation events (20 events):
Event: 1911.950 Thread 0x000001a675e45000 20000       3       org.gradle.internal.snapshot.impl.DefaultValueSnapshotter$ValueSnapshotVisitor::stringValue (6 bytes)
Event: 1911.951 Thread 0x000001a675e45000 nmethod 20000 0x000001a662128610 code [0x000001a6621287e0, 0x000001a662128b78]
Event: 1911.952 Thread 0x000001a675e45000 20002       3       org.gradle.internal.snapshot.SnapshotUtil::getRootHashes (33 bytes)
Event: 1911.952 Thread 0x000001a675e45000 nmethod 20002 0x000001a662128d10 code [0x000001a662128fe0, 0x000001a662129e08]
Event: 1911.958 Thread 0x000001a675e45000 20003   !   3       org.gradle.initialization.DefaultBuildCancellationToken::addCallback (54 bytes)
Event: 1911.958 Thread 0x000001a675e45000 nmethod 20003 0x000001a66212a290 code [0x000001a66212a460, 0x000001a66212a918]
Event: 1911.958 Thread 0x000001a6767c1800 nmethod 19987 0x000001a667f6e010 code [0x000001a667f6e260, 0x000001a667f6ed88]
Event: 1911.958 Thread 0x000001a6767c1800 19989       4       org.gradle.internal.snapshot.DirectorySnapshot$$Lambda$1057/0x0000000100d62840::accept (20 bytes)
Event: 1911.960 Thread 0x000001a677de6800 nmethod 19988 0x000001a667f6f690 code [0x000001a667f6f8e0, 0x000001a667f70428]
Event: 1911.960 Thread 0x000001a677de6800 19993       4       org.gradle.internal.fingerprint.classpath.impl.ClasspathFingerprintingStrategy$ClasspathFingerprintingVisitor::visitEntry (20 bytes)
Event: 1911.961 Thread 0x000001a675e45000 20004       3       org.gradle.internal.snapshot.impl.DirectorySnapshotterStatistics$CollectingFileVisitor::<init> (14 bytes)
Event: 1911.962 Thread 0x000001a675e45000 nmethod 20004 0x000001a66212ab10 code [0x000001a66212ace0, 0x000001a66212af98]
Event: 1911.962 Thread 0x000001a675e45000 20005       3       org.gradle.internal.snapshot.MerkleDirectorySnapshotBuilder::sortingRequired (9 bytes)
Event: 1911.962 Thread 0x000001a675e45000 nmethod 20005 0x000001a66212b110 code [0x000001a66212b300, 0x000001a66212b7d8]
Event: 1911.966 Thread 0x000001a675e45000 20007       3       com.google.common.collect.Maps$EntrySet::<init> (5 bytes)
Event: 1911.966 Thread 0x000001a675e45000 nmethod 20007 0x000001a66212b990 code [0x000001a66212bb60, 0x000001a66212bdd8]
Event: 1911.972 Thread 0x000001a675e45000 20008       3       java.util.stream.Collectors::groupingBy (11 bytes)
Event: 1911.972 Thread 0x000001a675e45000 nmethod 20008 0x000001a66212bf10 code [0x000001a66212c0e0, 0x000001a66212c388]
Event: 1911.972 Thread 0x000001a675e45000 20009       3       java.util.stream.Collectors$$Lambda$665/0x0000000100869040::get$Lambda (11 bytes)
Event: 1911.972 Thread 0x000001a675e45000 nmethod 20009 0x000001a66212c490 code [0x000001a66212c660, 0x000001a66212c978]

GC Heap History (20 events):
Event: 113.635 GC heap before
{Heap before GC invocations=93 (full 0):
 garbage-first heap   total 227328K, used 193374K [0x0000000080000000, 0x0000000100000000)
  region size 1024K, 91 young (93184K), 8 survivors (8192K)
 Metaspace       used 103669K, capacity 106381K, committed 106532K, reserved 1142784K
  class space    used 12935K, capacity 13852K, committed 13952K, reserved 1048576K
}
Event: 113.645 GC heap after
{Heap after GC invocations=94 (full 0):
 garbage-first heap   total 227328K, used 110248K [0x0000000080000000, 0x0000000100000000)
  region size 1024K, 5 young (5120K), 5 survivors (5120K)
 Metaspace       used 103669K, capacity 106381K, committed 106532K, reserved 1142784K
  class space    used 12935K, capacity 13852K, committed 13952K, reserved 1048576K
}
Event: 116.093 GC heap before
{Heap before GC invocations=95 (full 0):
 garbage-first heap   total 227328K, used 195240K [0x0000000080000000, 0x0000000100000000)
  region size 1024K, 88 young (90112K), 5 survivors (5120K)
 Metaspace       used 104501K, capacity 107205K, committed 107300K, reserved 1142784K
  class space    used 13011K, capacity 13929K, committed 13952K, reserved 1048576K
}
Event: 116.098 GC heap after
{Heap after GC invocations=96 (full 0):
 garbage-first heap   total 227328K, used 110610K [0x0000000080000000, 0x0000000100000000)
  region size 1024K, 5 young (5120K), 5 survivors (5120K)
 Metaspace       used 104501K, capacity 107205K, committed 107300K, reserved 1142784K
  class space    used 13011K, capacity 13929K, committed 13952K, reserved 1048576K
}
Event: 126.901 GC heap before
{Heap before GC invocations=96 (full 0):
 garbage-first heap   total 227328K, used 195602K [0x0000000080000000, 0x0000000100000000)
  region size 1024K, 88 young (90112K), 5 survivors (5120K)
 Metaspace       used 108352K, capacity 111173K, committed 111268K, reserved 1146880K
  class space    used 13552K, capacity 14557K, committed 14592K, reserved 1048576K
}
Event: 126.911 GC heap after
{Heap after GC invocations=97 (full 0):
 garbage-first heap   total 227328K, used 111608K [0x0000000080000000, 0x0000000100000000)
  region size 1024K, 6 young (6144K), 6 survivors (6144K)
 Metaspace       used 108352K, capacity 111173K, committed 111268K, reserved 1146880K
  class space    used 13552K, capacity 14557K, committed 14592K, reserved 1048576K
}
Event: 1671.055 GC heap before
{Heap before GC invocations=98 (full 0):
 garbage-first heap   total 227328K, used 194552K [0x0000000080000000, 0x0000000100000000)
  region size 1024K, 88 young (90112K), 6 survivors (6144K)
 Metaspace       used 111471K, capacity 114415K, committed 114468K, reserved 1148928K
  class space    used 13939K, capacity 14972K, committed 14976K, reserved 1048576K
}
Event: 1671.067 GC heap after
{Heap after GC invocations=99 (full 0):
 garbage-first heap   total 227328K, used 113713K [0x0000000080000000, 0x0000000100000000)
  region size 1024K, 8 young (8192K), 8 survivors (8192K)
 Metaspace       used 111471K, capacity 114415K, committed 114468K, reserved 1148928K
  class space    used 13939K, capacity 14972K, committed 14976K, reserved 1048576K
}
Event: 1672.723 GC heap before
{Heap before GC invocations=99 (full 0):
 garbage-first heap   total 227328K, used 193585K [0x0000000080000000, 0x0000000100000000)
  region size 1024K, 87 young (89088K), 8 survivors (8192K)
 Metaspace       used 112545K, capacity 115613K, committed 115748K, reserved 1150976K
  class space    used 14058K, capacity 15164K, committed 15232K, reserved 1048576K
}
Event: 1672.742 GC heap after
{Heap after GC invocations=100 (full 0):
 garbage-first heap   total 227328K, used 119211K [0x0000000080000000, 0x0000000100000000)
  region size 1024K, 11 young (11264K), 11 survivors (11264K)
 Metaspace       used 112545K, capacity 115613K, committed 115748K, reserved 1150976K
  class space    used 14058K, capacity 15164K, committed 15232K, reserved 1048576K
}
Event: 1673.268 GC heap before
{Heap before GC invocations=101 (full 0):
 garbage-first heap   total 227328K, used 190891K [0x0000000080000000, 0x0000000100000000)
  region size 1024K, 82 young (83968K), 11 survivors (11264K)
 Metaspace       used 112730K, capacity 115845K, committed 116004K, reserved 1150976K
  class space    used 14084K, capacity 15208K, committed 15232K, reserved 1048576K
}
Event: 1673.281 GC heap after
{Heap after GC invocations=102 (full 0):
 garbage-first heap   total 227328K, used 116834K [0x0000000080000000, 0x0000000100000000)
  region size 1024K, 2 young (2048K), 2 survivors (2048K)
 Metaspace       used 112730K, capacity 115845K, committed 116004K, reserved 1150976K
  class space    used 14084K, capacity 15208K, committed 15232K, reserved 1048576K
}
Event: 1906.048 GC heap before
{Heap before GC invocations=102 (full 0):
 garbage-first heap   total 227328K, used 190562K [0x0000000080000000, 0x0000000100000000)
  region size 1024K, 75 young (76800K), 2 survivors (2048K)
 Metaspace       used 113086K, capacity 116253K, committed 116388K, reserved 1150976K
  class space    used 14100K, capacity 15237K, committed 15360K, reserved 1048576K
}
Event: 1906.062 GC heap after
{Heap after GC invocations=103 (full 0):
 garbage-first heap   total 227328K, used 121597K [0x0000000080000000, 0x0000000100000000)
  region size 1024K, 7 young (7168K), 7 survivors (7168K)
 Metaspace       used 113086K, capacity 116253K, committed 116388K, reserved 1150976K
  class space    used 14100K, capacity 15237K, committed 15360K, reserved 1048576K
}
Event: 1907.436 GC heap before
{Heap before GC invocations=104 (full 0):
 garbage-first heap   total 227328K, used 191229K [0x0000000080000000, 0x0000000100000000)
  region size 1024K, 75 young (76800K), 7 survivors (7168K)
 Metaspace       used 113252K, capacity 116361K, committed 116644K, reserved 1150976K
  class space    used 14120K, capacity 15273K, committed 15360K, reserved 1048576K
}
Event: 1907.443 GC heap after
{Heap after GC invocations=105 (full 0):
 garbage-first heap   total 227328K, used 119499K [0x0000000080000000, 0x0000000100000000)
  region size 1024K, 1 young (1024K), 1 survivors (1024K)
 Metaspace       used 113252K, capacity 116361K, committed 116644K, reserved 1150976K
  class space    used 14120K, capacity 15273K, committed 15360K, reserved 1048576K
}
Event: 1907.579 GC heap before
{Heap before GC invocations=105 (full 0):
 garbage-first heap   total 227328K, used 128715K [0x0000000080000000, 0x0000000100000000)
  region size 1024K, 11 young (11264K), 1 survivors (1024K)
 Metaspace       used 113252K, capacity 116361K, committed 116644K, reserved 1150976K
  class space    used 14120K, capacity 15273K, committed 15360K, reserved 1048576K
}
Event: 1907.583 GC heap after
{Heap after GC invocations=106 (full 0):
 garbage-first heap   total 227328K, used 114067K [0x0000000080000000, 0x0000000100000000)
  region size 1024K, 1 young (1024K), 1 survivors (1024K)
 Metaspace       used 113252K, capacity 116361K, committed 116644K, reserved 1150976K
  class space    used 14120K, capacity 15273K, committed 15360K, reserved 1048576K
}
Event: 1908.533 GC heap before
{Heap before GC invocations=106 (full 0):
 garbage-first heap   total 227328K, used 190867K [0x0000000080000000, 0x0000000100000000)
  region size 1024K, 76 young (77824K), 1 survivors (1024K)
 Metaspace       used 113461K, capacity 116558K, committed 116644K, reserved 1150976K
  class space    used 14143K, capacity 15274K, committed 15360K, reserved 1048576K
}
Event: 1908.536 GC heap after
{Heap after GC invocations=107 (full 0):
 garbage-first heap   total 227328K, used 114005K [0x0000000080000000, 0x0000000100000000)
  region size 1024K, 1 young (1024K), 1 survivors (1024K)
 Metaspace       used 113461K, capacity 116558K, committed 116644K, reserved 1150976K
  class space    used 14143K, capacity 15274K, committed 15360K, reserved 1048576K
}

Deoptimization events (20 events):
Event: 1911.012 Thread 0x000001a6794df000 Uncommon trap: trap_request=0xffffff4d fr.pc=0x000001a6675f31d8 relative=0x0000000000000398
Event: 1911.012 Thread 0x000001a6794df000 Uncommon trap: reason=unstable_if action=reinterpret pc=0x000001a6675f31d8 method=com.google.common.collect.MapMakerInternalMap$Segment.getEntry(Ljava/lang/Object;I)Lcom/google/common/collect/MapMakerInternalMap$InternalEntry; @ 40 c2
Event: 1911.012 Thread 0x000001a6794df000 DEOPT PACKING pc=0x000001a6675f31d8 sp=0x0000001bdc6fb610
Event: 1911.012 Thread 0x000001a6794df000 DEOPT UNPACKING pc=0x000001a65f5a78af sp=0x0000001bdc6fb4f0 mode 2
Event: 1911.494 Thread 0x000001a6794df000 Uncommon trap: trap_request=0xffffff4d fr.pc=0x000001a6675dea40 relative=0x0000000000000800
Event: 1911.494 Thread 0x000001a6794df000 Uncommon trap: reason=unstable_if action=reinterpret pc=0x000001a6675dea40 method=org.gradle.internal.file.FilePathUtil.sizeOfCommonPrefix(Ljava/lang/String;Ljava/lang/String;IC)I @ 133 c2
Event: 1911.494 Thread 0x000001a6794df000 DEOPT PACKING pc=0x000001a6675dea40 sp=0x0000001bdc6f8b10
Event: 1911.494 Thread 0x000001a6794df000 DEOPT UNPACKING pc=0x000001a65f5a78af sp=0x0000001bdc6f8a90 mode 2
Event: 1911.838 Thread 0x000001a6794de000 Uncommon trap: trap_request=0xffffffc6 fr.pc=0x000001a667cbcf90 relative=0x00000000000002b0
Event: 1911.838 Thread 0x000001a6794de000 Uncommon trap: reason=bimorphic_or_optimized_type_check action=maybe_recompile pc=0x000001a667cbcf90 method=java.util.Collections$SetFromMap.contains(Ljava/lang/Object;)Z @ 5 c2
Event: 1911.838 Thread 0x000001a6794de000 DEOPT PACKING pc=0x000001a667cbcf90 sp=0x0000001bdc4fe7e0
Event: 1911.838 Thread 0x000001a6794de000 DEOPT UNPACKING pc=0x000001a65f5a78af sp=0x0000001bdc4fe788 mode 2
Event: 1911.947 Thread 0x000001a679e57000 Uncommon trap: trap_request=0xffffffdc fr.pc=0x000001a667f62b98 relative=0x0000000000004ef8
Event: 1911.947 Thread 0x000001a679e57000 Uncommon trap: reason=class_check action=make_not_entrant pc=0x000001a667f62b98 method=java.util.ArrayDeque.toArray(Ljava/lang/Class;)[Ljava/lang/Object; @ 45 c2
Event: 1911.947 Thread 0x000001a679e57000 DEOPT PACKING pc=0x000001a667f62b98 sp=0x0000001bdbffc360
Event: 1911.947 Thread 0x000001a679e57000 DEOPT UNPACKING pc=0x000001a65f5a78af sp=0x0000001bdbffbcb8 mode 2
Event: 1911.947 Thread 0x000001a679e57000 Uncommon trap: trap_request=0xffffffdc fr.pc=0x000001a667f55674 relative=0x00000000000044f4
Event: 1911.947 Thread 0x000001a679e57000 Uncommon trap: reason=class_check action=make_not_entrant pc=0x000001a667f55674 method=java.util.ArrayDeque.toArray(Ljava/lang/Class;)[Ljava/lang/Object; @ 45 c2
Event: 1911.947 Thread 0x000001a679e57000 DEOPT PACKING pc=0x000001a667f55674 sp=0x0000001bdbffc210
Event: 1911.947 Thread 0x000001a679e57000 DEOPT UNPACKING pc=0x000001a65f5a78af sp=0x0000001bdbffbcc0 mode 2

Classes redefined (0 events):
No events

Internal exceptions (20 events):
Event: 1910.028 Thread 0x000001a679e49000 Exception <a 'sun/nio/fs/WindowsException'{0x000000008c1f8528}> (0x000000008c1f8528) thrown at [./src/hotspot/share/prims/jni.cpp, line 615]
Event: 1910.028 Thread 0x000001a679e49000 Exception <a 'sun/nio/fs/WindowsException'{0x000000008c1f9608}> (0x000000008c1f9608) thrown at [./src/hotspot/share/prims/jni.cpp, line 615]
Event: 1910.028 Thread 0x000001a679e49000 Exception <a 'sun/nio/fs/WindowsException'{0x000000008c1fa738}> (0x000000008c1fa738) thrown at [./src/hotspot/share/prims/jni.cpp, line 615]
Event: 1910.028 Thread 0x000001a679e49000 Exception <a 'sun/nio/fs/WindowsException'{0x000000008c1fb868}> (0x000000008c1fb868) thrown at [./src/hotspot/share/prims/jni.cpp, line 615]
Event: 1910.033 Thread 0x000001a679e49000 Exception <a 'sun/nio/fs/WindowsException'{0x000000008c030e00}> (0x000000008c030e00) thrown at [./src/hotspot/share/prims/jni.cpp, line 615]
Event: 1910.033 Thread 0x000001a679e49000 Exception <a 'sun/nio/fs/WindowsException'{0x000000008c031ee0}> (0x000000008c031ee0) thrown at [./src/hotspot/share/prims/jni.cpp, line 615]
Event: 1910.033 Thread 0x000001a679e49000 Exception <a 'sun/nio/fs/WindowsException'{0x000000008c033010}> (0x000000008c033010) thrown at [./src/hotspot/share/prims/jni.cpp, line 615]
Event: 1910.033 Thread 0x000001a679e49000 Exception <a 'sun/nio/fs/WindowsException'{0x000000008c034140}> (0x000000008c034140) thrown at [./src/hotspot/share/prims/jni.cpp, line 615]
Event: 1910.079 Thread 0x000001a679e49000 Exception <a 'java/lang/NoSuchMethodError'{0x000000008bde5718}: 'java.lang.Object java.lang.invoke.Invokers$Holder.linkToTargetMethod(java.lang.Object, int, int, java.lang.Object)'> (0x000000008bde5718) thrown at [./src/hotspot/share/interpreter/linkResolver.cpp, line 773]
Event: 1910.214 Thread 0x000001a679e55800 Exception <a 'java/lang/NoSuchMethodError'{0x000000008b497350}: <clinit>> (0x000000008b497350) thrown at [./src/hotspot/share/prims/jni.cpp, line 1362]
Event: 1910.214 Thread 0x000001a679e55800 Exception <a 'java/lang/NoSuchMethodError'{0x000000008b4a0e78}: <clinit>> (0x000000008b4a0e78) thrown at [./src/hotspot/share/prims/jni.cpp, line 1362]
Event: 1910.228 Thread 0x000001a679e55800 Exception <a 'java/lang/NoSuchMethodError'{0x000000008b4dc338}: <clinit>> (0x000000008b4dc338) thrown at [./src/hotspot/share/prims/jni.cpp, line 1362]
Event: 1910.229 Thread 0x000001a679e55800 Exception <a 'java/lang/NoSuchMethodError'{0x000000008b4ef5a8}: <clinit>> (0x000000008b4ef5a8) thrown at [./src/hotspot/share/prims/jni.cpp, line 1362]
Event: 1910.229 Thread 0x000001a679e55800 Exception <a 'java/lang/NoSuchMethodError'{0x000000008b4f0b08}: <clinit>> (0x000000008b4f0b08) thrown at [./src/hotspot/share/prims/jni.cpp, line 1362]
Event: 1910.268 Thread 0x000001a679e58000 Implicit null exception at 0x000001a66737bca3 to 0x000001a66737c68c
Event: 1910.287 Thread 0x000001a679e55800 Exception <a 'java/lang/NoSuchMethodError'{0x000000008b237ff0}: <clinit>> (0x000000008b237ff0) thrown at [./src/hotspot/share/prims/jni.cpp, line 1362]
Event: 1910.733 Thread 0x000001a6794de000 Exception <a 'sun/nio/fs/WindowsException'{0x000000008afcd7d8}> (0x000000008afcd7d8) thrown at [./src/hotspot/share/prims/jni.cpp, line 615]
Event: 1910.733 Thread 0x000001a6794de000 Exception <a 'sun/nio/fs/WindowsException'{0x000000008afce648}> (0x000000008afce648) thrown at [./src/hotspot/share/prims/jni.cpp, line 615]
Event: 1910.916 Thread 0x000001a679e55800 Exception <a 'java/lang/NoSuchMethodError'{0x000000008aff1438}: <clinit>> (0x000000008aff1438) thrown at [./src/hotspot/share/prims/jni.cpp, line 1362]
Event: 1911.014 Thread 0x000001a6794d7800 Exception <a 'sun/nio/fs/WindowsException'{0x000000008ac16ea0}> (0x000000008ac16ea0) thrown at [./src/hotspot/share/prims/jni.cpp, line 615]

Events (20 events):
Event: 1911.836 loading class com/android/build/gradle/internal/tasks/AarMetadataArtifact done
Event: 1911.838 Thread 0x000001a679e52000 Thread added: 0x000001a679e52000
Event: 1911.843 loading class kotlin/collections/ArrayAsCollection
Event: 1911.843 loading class kotlin/collections/ArrayAsCollection done
Event: 1911.847 Executing VM operation: RevokeBias
Event: 1911.847 Executing VM operation: RevokeBias done
Event: 1911.941 loading class com/android/build/gradle/tasks/MergeResources$Flag
Event: 1911.941 loading class com/android/build/gradle/tasks/MergeResources$Flag done
Event: 1911.944 loading class com/google/common/collect/ImmutableList$Builder
Event: 1911.944 loading class com/google/common/collect/ImmutableList$Builder done
Event: 1911.944 loading class org/gradle/api/internal/file/FileCollectionInternal
Event: 1911.944 loading class org/gradle/api/internal/file/FileCollectionInternal done
Event: 1911.944 loading class org/gradle/api/internal/file/collections/DefaultConfigurableFileCollection
Event: 1911.944 loading class org/gradle/api/internal/file/collections/DefaultConfigurableFileCollection done
Event: 1911.945 loading class org/gradle/api/internal/file/collections/DefaultConfigurableFileCollection$1
Event: 1911.945 loading class org/gradle/api/internal/file/collections/DefaultConfigurableFileCollection$1 done
Event: 1911.945 loading class org/gradle/api/internal/file/collections/DefaultConfigurableFileCollection$ResolvedItemsCollector
Event: 1911.945 loading class org/gradle/api/internal/file/collections/DefaultConfigurableFileCollection$ResolvedItemsCollector done
Event: 1911.982 Executing VM operation: RevokeBias
Event: 1911.982 Executing VM operation: RevokeBias done


Dynamic libraries:
0x00007ff795ea0000 - 0x00007ff795eaa000 	C:\Android Studio\jre\bin\java.exe
0x00007ff92a050000 - 0x00007ff92a23d000 	C:\Windows\SYSTEM32\ntdll.dll
0x00007ff929d90000 - 0x00007ff929e43000 	C:\Windows\System32\KERNEL32.DLL
0x00007ff9265d0000 - 0x00007ff926865000 	C:\Windows\System32\KERNELBASE.dll
0x00007ff926100000 - 0x00007ff9261fa000 	C:\Windows\System32\ucrtbase.dll
0x00007ff919c00000 - 0x00007ff919c19000 	C:\Android Studio\jre\bin\jli.dll
0x00007ff929e80000 - 0x00007ff92a018000 	C:\Windows\System32\USER32.dll
0x00007ff9265b0000 - 0x00007ff9265d0000 	C:\Windows\System32\win32u.dll
0x00007ff929b20000 - 0x00007ff929b49000 	C:\Windows\System32\GDI32.dll
0x00007ff926870000 - 0x00007ff926a0c000 	C:\Windows\System32\gdi32full.dll
0x00007ff9271e0000 - 0x00007ff927280000 	C:\Windows\System32\msvcp_win.dll
0x00007ff910650000 - 0x00007ff9108c9000 	C:\Windows\WinSxS\amd64_microsoft.windows.common-controls_6595b64144ccf1df_6.0.17763.2114_none_de6e8966534dbac6\COMCTL32.dll
0x00007ff9297f0000 - 0x00007ff92988e000 	C:\Windows\System32\msvcrt.dll
0x00007ff927750000 - 0x00007ff927a7d000 	C:\Windows\System32\combase.dll
0x00007ff9296d0000 - 0x00007ff9297ef000 	C:\Windows\System32\RPCRT4.dll
0x00007ff926200000 - 0x00007ff926282000 	C:\Windows\System32\bcryptPrimitives.dll
0x00007ff918ed0000 - 0x00007ff918ee7000 	C:\Android Studio\jre\bin\VCRUNTIME140.dll
0x00007ff929e50000 - 0x00007ff929e7e000 	C:\Windows\System32\IMM32.DLL
0x00007ff90e050000 - 0x00007ff90e0ed000 	C:\Android Studio\jre\bin\msvcp140.dll
0x00007ff8e4dd0000 - 0x00007ff8e589f000 	C:\Android Studio\jre\bin\server\jvm.dll
0x00007ff927ae0000 - 0x00007ff927b84000 	C:\Windows\System32\ADVAPI32.dll
0x00007ff9276b0000 - 0x00007ff92774e000 	C:\Windows\System32\sechost.dll
0x00007ff927470000 - 0x00007ff927478000 	C:\Windows\System32\PSAPI.DLL
0x00007ff91fcb0000 - 0x00007ff91fcb9000 	C:\Windows\SYSTEM32\WSOCK32.dll
0x00007ff929ab0000 - 0x00007ff929b1d000 	C:\Windows\System32\WS2_32.dll
0x00007ff9241f0000 - 0x00007ff924214000 	C:\Windows\SYSTEM32\WINMM.dll
0x00007ff920950000 - 0x00007ff92095a000 	C:\Windows\SYSTEM32\VERSION.dll
0x00007ff9241c0000 - 0x00007ff9241ed000 	C:\Windows\SYSTEM32\winmmbase.dll
0x00007ff927190000 - 0x00007ff9271da000 	C:\Windows\System32\cfgmgr32.dll
0x00007ff9260b0000 - 0x00007ff9260c1000 	C:\Windows\System32\kernel.appcore.dll
0x00007ff917f10000 - 0x00007ff917f21000 	C:\Android Studio\jre\bin\verify.dll
0x00007ff91a410000 - 0x00007ff91a5fd000 	C:\Windows\SYSTEM32\DBGHELP.DLL
0x00007ff91a3e0000 - 0x00007ff91a40a000 	C:\Windows\SYSTEM32\dbgcore.DLL
0x00007ff917ee0000 - 0x00007ff917f09000 	C:\Android Studio\jre\bin\java.dll
0x00007ff91f5a0000 - 0x00007ff91f5ab000 	C:\Android Studio\jre\bin\jimage.dll
0x00007ff90d330000 - 0x00007ff90d348000 	C:\Android Studio\jre\bin\zip.dll
0x00007ff927b90000 - 0x00007ff929089000 	C:\Windows\System32\SHELL32.dll
0x00007ff929c80000 - 0x00007ff929d28000 	C:\Windows\System32\shcore.dll
0x00007ff926a40000 - 0x00007ff92718b000 	C:\Windows\System32\windows.storage.dll
0x00007ff9260d0000 - 0x00007ff9260f4000 	C:\Windows\System32\profapi.dll
0x00007ff926050000 - 0x00007ff9260ad000 	C:\Windows\System32\powrprof.dll
0x00007ff927a80000 - 0x00007ff927ad2000 	C:\Windows\System32\shlwapi.dll
0x00007ff926530000 - 0x00007ff926547000 	C:\Windows\System32\cryptsp.dll
0x00007ff90d310000 - 0x00007ff90d32a000 	C:\Android Studio\jre\bin\net.dll
0x00007ff921eb0000 - 0x00007ff921fa1000 	C:\Windows\SYSTEM32\WINHTTP.dll
0x00007ff925830000 - 0x00007ff925897000 	C:\Windows\system32\mswsock.dll
0x00007ff901f30000 - 0x00007ff901f44000 	C:\Android Studio\jre\bin\nio.dll
0x00007ff918dd0000 - 0x00007ff918df7000 	C:\Users\GolovinDE\.gradle\native\8bec1ad78214c89d9ad589b4d07fe93259594b29d510b10fafb7a158f7737e5d\windows-amd64\native-platform.dll
0x00007ff8fa310000 - 0x00007ff8fa44d000 	C:\Users\GolovinDE\.gradle\native\53dbd7edfb1c66fb8903c78663c9afc45aea4f116125fa6feffd364cf09443e8\windows-amd64\native-platform-file-events.dll
0x00007ff91f4a0000 - 0x00007ff91f4aa000 	C:\Android Studio\jre\bin\management.dll
0x00007ff918d70000 - 0x00007ff918d7c000 	C:\Android Studio\jre\bin\management_ext.dll
0x00007ff9253d0000 - 0x00007ff925403000 	C:\Windows\system32\rsaenh.dll
0x00007ff926a10000 - 0x00007ff926a36000 	C:\Windows\System32\bcrypt.dll
0x00007ff925f30000 - 0x00007ff925f59000 	C:\Windows\SYSTEM32\USERENV.dll
0x00007ff9259b0000 - 0x00007ff9259bc000 	C:\Windows\SYSTEM32\CRYPTBASE.dll
0x00007ff925560000 - 0x00007ff92559d000 	C:\Windows\SYSTEM32\IPHLPAPI.DLL
0x00007ff929510000 - 0x00007ff929518000 	C:\Windows\System32\NSI.dll
0x00007ff921380000 - 0x00007ff921396000 	C:\Windows\SYSTEM32\dhcpcsvc6.DLL
0x00007ff920b90000 - 0x00007ff920bac000 	C:\Windows\SYSTEM32\dhcpcsvc.DLL
0x00007ff9255a0000 - 0x00007ff925666000 	C:\Windows\SYSTEM32\DNSAPI.dll
0x00007ff921120000 - 0x00007ff921147000 	C:\Android Studio\jre\bin\sunec.dll
0x00007ff91e240000 - 0x00007ff91e24a000 	C:\Windows\System32\rasadhlp.dll
0x00007ff921590000 - 0x00007ff921609000 	C:\Windows\System32\fwpuclnt.dll
0x00007ff924f70000 - 0x00007ff924fa1000 	C:\Windows\SYSTEM32\ntmarta.dll

dbghelp: loaded successfully - version: 4.0.5 - missing functions: none
symbol engine: initialized successfully - sym options: 0x614 - pdb path: .;C:\Android Studio\jre\bin;C:\Windows\SYSTEM32;C:\Windows\WinSxS\amd64_microsoft.windows.common-controls_6595b64144ccf1df_6.0.17763.2114_none_de6e8966534dbac6;C:\Android Studio\jre\bin\server;C:\Users\GolovinDE\.gradle\native\8bec1ad78214c89d9ad589b4d07fe93259594b29d510b10fafb7a158f7737e5d\windows-amd64;C:\Users\GolovinDE\.gradle\native\53dbd7edfb1c66fb8903c78663c9afc45aea4f116125fa6feffd364cf09443e8\windows-amd64

VM Arguments:
jvm_args: --add-opens=java.base/java.util=ALL-UNNAMED --add-opens=java.base/java.lang=ALL-UNNAMED --add-opens=java.base/java.lang.invoke=ALL-UNNAMED --add-opens=java.base/java.util=ALL-UNNAMED --add-opens=java.prefs/java.util.prefs=ALL-UNNAMED --add-opens=java.prefs/java.util.prefs=ALL-UNNAMED --add-opens=java.base/java.nio.charset=ALL-UNNAMED --add-opens=java.base/java.net=ALL-UNNAMED --add-opens=java.base/java.util.concurrent.atomic=ALL-UNNAMED -Xmx2048m -Dfile.encoding=UTF-8 -Duser.country=RU -Duser.language=ru -Duser.variant 
java_command: org.gradle.launcher.daemon.bootstrap.GradleDaemon 7.0.2
java_class_path (initial): C:\Users\GolovinDE\.gradle\wrapper\dists\gradle-7.0.2-bin\857tjihv64xamwrf0h14cai3r\gradle-7.0.2\lib\gradle-launcher-7.0.2.jar
Launcher Type: SUN_STANDARD

[Global flags]
     intx CICompilerCount                          = 3                                         {product} {ergonomic}
     uint ConcGCThreads                            = 1                                         {product} {ergonomic}
     uint G1ConcRefinementThreads                  = 4                                         {product} {ergonomic}
   size_t G1HeapRegionSize                         = 1048576                                   {product} {ergonomic}
    uintx GCDrainStackTargetSize                   = 64                                        {product} {ergonomic}
   size_t InitialHeapSize                          = 134217728                                 {product} {ergonomic}
   size_t MarkStackSize                            = 4194304                                   {product} {ergonomic}
   size_t MaxHeapSize                              = 2147483648                                {product} {command line}
   size_t MaxNewSize                               = 1287651328                                {product} {ergonomic}
   size_t MinHeapDeltaBytes                        = 1048576                                   {product} {ergonomic}
    uintx NonNMethodCodeHeapSize                   = 5830732                                {pd product} {ergonomic}
    uintx NonProfiledCodeHeapSize                  = 122913754                              {pd product} {ergonomic}
    uintx ProfiledCodeHeapSize                     = 122913754                              {pd product} {ergonomic}
    uintx ReservedCodeCacheSize                    = 251658240                              {pd product} {ergonomic}
     bool SegmentedCodeCache                       = true                                      {product} {ergonomic}
     bool UseCompressedClassPointers               = true                                 {lp64_product} {ergonomic}
     bool UseCompressedOops                        = true                                 {lp64_product} {ergonomic}
     bool UseG1GC                                  = true                                      {product} {ergonomic}
     bool UseLargePagesIndividualAllocation        = false                                  {pd product} {ergonomic}

Logging:
Log output configuration:
 #0: stdout all=warning uptime,level,tags
 #1: stderr all=off uptime,level,tags

Environment Variables:
PATH=C:\Program Files (x86)\Embarcadero\Studio\20.0\bin;C:\Users\Public\Documents\Embarcadero\Studio\20.0\Bpl;C:\Program Files (x86)\Embarcadero\Studio\20.0\bin64;C:\Users\Public\Documents\Embarcadero\Studio\20.0\Bpl\Win64;C:\Program Files\Common Files\Oracle\Java\javapath;C:\Program Files (x86)\Common Files\Oracle\Java\javapath;C:\Program Files (x86)\CodeGear\RAD Studio\5.0\bin;C:\Users\Public\Documents\RAD Studio\5.0\Bpl;C:\Python38\Scripts\;C:\Python38\;C:\Windows\system32;C:\Windows;C:\Windows\System32\Wbem;C:\Windows\System32\WindowsPowerShell\v1.0\;C:\Windows\System32\OpenSSH\;C:\Program Files\dotnet\;C:\Program Files\Microsoft SQL Server\130\Tools\Binn\;C:\Program Files\Microsoft SQL Server\Client SDK\ODBC\170\Tools\Binn\;C:\TDM-GCC-64\bin;C:\Program Files (x86)\Microsoft SQL Server\150\DTS\Binn\;C:\Program Files\Azure Data Studio\bin;C:\Program Files\Git\cmd;C:\Program Files (x86)\IVI Foundation\VISA\WinNT\Bin;C:\Program Files\MATLAB\R2009b\bin;C:\Program Files\Microsoft SQL Server\110\Tools\Binn\;C:\Program Files (x86)\dotnet\;C:\Users\GolovinDE\AppData\Local\Microsoft\WindowsApps;
USERNAME=GolovinDE
OS=Windows_NT
PROCESSOR_IDENTIFIER=Intel64 Family 6 Model 158 Stepping 9, GenuineIntel



---------------  S Y S T E M  ---------------

OS: Windows 10 , 64 bit Build 17763 (10.0.17763.2090)
OS uptime: 0 days 5:23 hours
Hyper-V role detected

CPU:total 4 (initial active 4) (4 cores per cpu, 1 threads per core) family 6 model 158 stepping 9 microcode 0xde, cmov, cx8, fxsr, mmx, sse, sse2, sse3, ssse3, sse4.1, sse4.2, popcnt, avx, avx2, aes, clmul, erms, rtm, 3dnowpref, lzcnt, tsc, tscinvbit, bmi1, bmi2, adx, fma

Memory: 4k page, system-wide physical 8135M (1773M free)
TotalPageFile size 9415M (AvailPageFile size 1497M)
current process WorkingSet (physical memory assigned to process): 442M, peak: 544M
current process commit charge ("private bytes"): 580M, peak: 583M

vm_info: OpenJDK 64-Bit Server VM (11.0.10+0-b96-7249189) for windows-amd64 JRE (11.0.10+0-b96-7249189), built on Mar 31 2021 21:44:00 by "builder" with MS VC++ 14.0 (VS2015)

END.
